2014-08-28 14:44:56,343 [main] INFO  [org.springframework.beans.factory.xml.XmlBeanDefinitionReader:316] - Loading XML bean definitions from class path resource [applicationContext-core.xml]
2014-08-28 14:44:57,589 [main] INFO  [org.springframework.context.support.GenericApplicationContext:513] - Refreshing org.springframework.context.support.GenericApplicationContext@8e4bb0: startup date [Thu Aug 28 14:44:57 CST 2014]; root of context hierarchy
2014-08-28 14:44:57,824 [main] INFO  [org.springframework.context.support.PropertySourcesPlaceholderConfigurer:172] - Loading properties file from URL [file:/C:/Users/Administrator/Documents/NetBeansProjects/biwifi/wifi-main/target/test-classes/application.test.properties]
2014-08-28 14:44:58,966 [main] INFO  [org.hibernate.annotations.common.Version:66] - HCANN000001: Hibernate Commons Annotations {4.0.4.Final}
2014-08-28 14:44:58,975 [main] INFO  [org.hibernate.Version:54] - HHH000412: Hibernate Core {4.3.4.Final}
2014-08-28 14:44:58,978 [main] INFO  [org.hibernate.cfg.Environment:239] - HHH000206: hibernate.properties not found
2014-08-28 14:44:58,980 [main] INFO  [org.hibernate.cfg.Environment:346] - HHH000021: Bytecode provider name : javassist
2014-08-28 14:44:59,687 [main] INFO  [org.hibernate.dialect.Dialect:145] - HHH000400: Using dialect: org.hibernate.dialect.H2Dialect
2014-08-28 14:44:59,996 [main] INFO  [org.hibernate.engine.transaction.internal.TransactionFactoryInitiator:62] - HHH000399: Using default transaction strategy (direct JDBC transactions)
2014-08-28 14:45:00,002 [main] INFO  [org.hibernate.hql.internal.ast.ASTQueryTranslatorFactory:47] - HHH000397: Using ASTQueryTranslatorFactory
2014-08-28 14:45:00,144 [main] INFO  [org.hibernate.validator.internal.util.Version:27] - HV000001: Hibernate Validator 5.1.0.Final
2014-08-28 14:45:00,814 [main] WARN  [org.hibernate.id.UUIDHexGenerator:59] - HHH000409: Using org.hibernate.id.UUIDHexGenerator which does not generate IETF RFC 4122 compliant UUID values; consider using org.hibernate.id.UUIDGenerator instead
2014-08-28 14:45:01,573 [main] WARN  [org.hibernate.hql.internal.ast.HqlSqlWalker:995] - [DEPRECATION] Encountered positional parameter near line 1, column 90.  Positional parameter are considered deprecated; use named parameters or JPA-style positional parameters instead.
2014-08-28 14:45:01,836 [main] INFO  [org.springframework.cache.ehcache.EhCacheManagerFactoryBean:136] - Initializing EhCache CacheManager
2014-08-28 14:45:02,489 [main] INFO  [org.springframework.orm.hibernate4.HibernateTransactionManager:339] - Using DataSource [org.apache.tomcat.jdbc.pool.DataSource@1b20706{ConnectionPool[defaultAutoCommit=false; defaultReadOnly=null; defaultTransactionIsolation=-1; defaultCatalog=null; driverClassName=org.h2.Driver; maxActive=100; maxIdle=100; minIdle=10; initialSize=10; maxWait=30000; testOnBorrow=false; testOnReturn=false; timeBetweenEvictionRunsMillis=5000; numTestsPerEvictionRun=0; minEvictableIdleTimeMillis=60000; testWhileIdle=false; testOnConnect=false; password=********; url=jdbc:h2:mem:biwifi;DB_CLOSE_DELAY=-1; username=sa; validationQuery=null; validationQueryTimeout=-1; validatorClassName=null; validationInterval=30000; accessToUnderlyingConnectionAllowed=true; removeAbandoned=false; removeAbandonedTimeout=60; logAbandoned=false; connectionProperties=null; initSQL=null; jdbcInterceptors=null; jmxEnabled=true; fairQueue=true; useEquals=true; abandonWhenPercentageFull=0; maxAge=0; useLock=false; dataSource=null; dataSourceJNDI=null; suspectTimeout=0; alternateUsernameAllowed=false; commitOnReturn=false; rollbackOnReturn=false; useDisposableConnectionFacade=true; logValidationErrors=false; propagateInterruptState=false; ignoreExceptionOnPreLoad=false; }] of Hibernate SessionFactory for HibernateTransactionManager
2014-08-28 14:45:02,581 [main] INFO  [org.springframework.jdbc.datasource.init.ResourceDatabasePopulator:162] - Executing SQL script from class path resource [data/h2/create-table.sql]
2014-08-28 14:45:02,631 [main] INFO  [org.springframework.jdbc.datasource.init.ResourceDatabasePopulator:217] - Done executing SQL script from class path resource [data/h2/create-table.sql] in 50 ms.
2014-08-28 14:45:02,767 [main] INFO  [org.springframework.test.context.transaction.TransactionalTestExecutionListener:276] - Began transaction (1) for test context [DefaultTestContext@14f87a9 testClass = TestGroupManager, testInstance = com.jyzn.wifi.test.manager.account.TestGroupManager@1dc6db2, testMethod = testGetGroup@TestGroupManager, testException = [null], mergedContextConfiguration = [MergedContextConfiguration@d26422 testClass = TestGroupManager, locations = '{classpath:/applicationContext-core.xml}', classes = '{}', contextInitializerClasses = '[]', activeProfiles = '{test}', contextLoader = 'org.springframework.test.context.support.DelegatingSmartContextLoader', parent = [null]]]; transaction manager [org.springframework.orm.hibernate4.HibernateTransactionManager@eda072]; rollback [true]
2014-08-28 14:45:02,781 [main] INFO  [org.springframework.test.jdbc.JdbcTestUtils:213] - Executing SQL script from class path resource [data/h2/cleanup-data.sql]
2014-08-28 14:45:02,786 [main] INFO  [org.springframework.test.jdbc.JdbcTestUtils:249] - Executed SQL script from class path resource [data/h2/cleanup-data.sql] in 5 ms.
2014-08-28 14:45:02,787 [main] INFO  [org.springframework.test.jdbc.JdbcTestUtils:213] - Executing SQL script from class path resource [data/h2/insert-data.sql]
2014-08-28 14:45:02,822 [main] INFO  [org.springframework.test.jdbc.JdbcTestUtils:249] - Executed SQL script from class path resource [data/h2/insert-data.sql] in 34 ms.
2014-08-28 14:45:02,925 [main] INFO  [org.springframework.test.context.transaction.TransactionalTestExecutionListener:298] - Rolled back transaction after test execution for test context [DefaultTestContext@14f87a9 testClass = TestGroupManager, testInstance = com.jyzn.wifi.test.manager.account.TestGroupManager@1dc6db2, testMethod = testGetGroup@TestGroupManager, testException = [null], mergedContextConfiguration = [MergedContextConfiguration@d26422 testClass = TestGroupManager, locations = '{classpath:/applicationContext-core.xml}', classes = '{}', contextInitializerClasses = '[]', activeProfiles = '{test}', contextLoader = 'org.springframework.test.context.support.DelegatingSmartContextLoader', parent = [null]]]
2014-08-28 14:45:02,930 [main] INFO  [org.springframework.test.jdbc.JdbcTestUtils:213] - Executing SQL script from class path resource [data/h2/cleanup-data.sql]
2014-08-28 14:45:02,932 [main] INFO  [org.springframework.test.jdbc.JdbcTestUtils:249] - Executed SQL script from class path resource [data/h2/cleanup-data.sql] in 1 ms.
2014-08-28 14:45:02,932 [main] INFO  [org.springframework.test.jdbc.JdbcTestUtils:213] - Executing SQL script from class path resource [data/h2/insert-data.sql]
2014-08-28 14:45:02,952 [main] INFO  [org.springframework.test.jdbc.JdbcTestUtils:249] - Executed SQL script from class path resource [data/h2/insert-data.sql] in 19 ms.
2014-08-28 14:45:03,170 [main] INFO  [org.springframework.test.jdbc.JdbcTestUtils:213] - Executing SQL script from class path resource [data/h2/cleanup-data.sql]
2014-08-28 14:45:03,176 [main] INFO  [org.springframework.test.jdbc.JdbcTestUtils:249] - Executed SQL script from class path resource [data/h2/cleanup-data.sql] in 5 ms.
2014-08-28 14:45:03,177 [main] INFO  [org.springframework.test.jdbc.JdbcTestUtils:213] - Executing SQL script from class path resource [data/h2/insert-data.sql]
2014-08-28 14:45:03,192 [main] INFO  [org.springframework.test.jdbc.JdbcTestUtils:249] - Executed SQL script from class path resource [data/h2/insert-data.sql] in 15 ms.
2014-08-28 14:45:03,223 [main] INFO  [org.springframework.test.jdbc.JdbcTestUtils:213] - Executing SQL script from class path resource [data/h2/cleanup-data.sql]
2014-08-28 14:45:03,227 [main] INFO  [org.springframework.test.jdbc.JdbcTestUtils:249] - Executed SQL script from class path resource [data/h2/cleanup-data.sql] in 4 ms.
2014-08-28 14:45:03,227 [main] INFO  [org.springframework.test.jdbc.JdbcTestUtils:213] - Executing SQL script from class path resource [data/h2/insert-data.sql]
2014-08-28 14:45:03,238 [main] INFO  [org.springframework.test.jdbc.JdbcTestUtils:249] - Executed SQL script from class path resource [data/h2/insert-data.sql] in 10 ms.
2014-08-28 14:45:03,302 [main] INFO  [org.springframework.test.context.transaction.TransactionalTestExecutionListener:276] - Began transaction (2) for test context [DefaultTestContext@14f87a9 testClass = TestGroupManager, testInstance = com.jyzn.wifi.test.manager.account.TestGroupManager@5b5ed0, testMethod = testSaveGroup@TestGroupManager, testException = [null], mergedContextConfiguration = [MergedContextConfiguration@d26422 testClass = TestGroupManager, locations = '{classpath:/applicationContext-core.xml}', classes = '{}', contextInitializerClasses = '[]', activeProfiles = '{test}', contextLoader = 'org.springframework.test.context.support.DelegatingSmartContextLoader', parent = [null]]]; transaction manager [org.springframework.orm.hibernate4.HibernateTransactionManager@eda072]; rollback [true]
2014-08-28 14:45:03,302 [main] INFO  [org.springframework.test.jdbc.JdbcTestUtils:213] - Executing SQL script from class path resource [data/h2/cleanup-data.sql]
2014-08-28 14:45:03,305 [main] INFO  [org.springframework.test.jdbc.JdbcTestUtils:249] - Executed SQL script from class path resource [data/h2/cleanup-data.sql] in 3 ms.
2014-08-28 14:45:03,305 [main] INFO  [org.springframework.test.jdbc.JdbcTestUtils:213] - Executing SQL script from class path resource [data/h2/insert-data.sql]
2014-08-28 14:45:03,313 [main] INFO  [org.springframework.test.jdbc.JdbcTestUtils:249] - Executed SQL script from class path resource [data/h2/insert-data.sql] in 8 ms.
2014-08-28 14:45:03,396 [main] INFO  [org.springframework.test.context.transaction.TransactionalTestExecutionListener:298] - Rolled back transaction after test execution for test context [DefaultTestContext@14f87a9 testClass = TestGroupManager, testInstance = com.jyzn.wifi.test.manager.account.TestGroupManager@5b5ed0, testMethod = testSaveGroup@TestGroupManager, testException = [null], mergedContextConfiguration = [MergedContextConfiguration@d26422 testClass = TestGroupManager, locations = '{classpath:/applicationContext-core.xml}', classes = '{}', contextInitializerClasses = '[]', activeProfiles = '{test}', contextLoader = 'org.springframework.test.context.support.DelegatingSmartContextLoader', parent = [null]]]
2014-08-28 14:45:03,397 [main] INFO  [org.springframework.test.jdbc.JdbcTestUtils:213] - Executing SQL script from class path resource [data/h2/cleanup-data.sql]
2014-08-28 14:45:03,404 [main] INFO  [org.springframework.test.jdbc.JdbcTestUtils:249] - Executed SQL script from class path resource [data/h2/cleanup-data.sql] in 6 ms.
2014-08-28 14:45:03,404 [main] INFO  [org.springframework.test.jdbc.JdbcTestUtils:213] - Executing SQL script from class path resource [data/h2/insert-data.sql]
2014-08-28 14:45:03,413 [main] INFO  [org.springframework.test.jdbc.JdbcTestUtils:249] - Executed SQL script from class path resource [data/h2/insert-data.sql] in 9 ms.
2014-08-28 14:45:03,416 [Thread-5] INFO  [org.springframework.context.support.GenericApplicationContext:873] - Closing org.springframework.context.support.GenericApplicationContext@8e4bb0: startup date [Thu Aug 28 14:44:57 CST 2014]; root of context hierarchy
2014-08-28 14:45:03,448 [Thread-5] INFO  [org.springframework.cache.ehcache.EhCacheManagerFactoryBean:196] - Shutting down EhCache CacheManager
