2014-09-23 00:00:55,056 [main] INFO  [org.springframework.beans.factory.xml.XmlBeanDefinitionReader:316] - Loading XML bean definitions from class path resource [applicationContext-core.xml]
2014-09-23 00:00:55,867 [main] INFO  [org.springframework.context.support.GenericApplicationContext:513] - Refreshing org.springframework.context.support.GenericApplicationContext@12de489: startup date [Tue Sep 23 00:00:55 CST 2014]; root of context hierarchy
2014-09-23 00:00:56,117 [main] INFO  [org.springframework.context.support.PropertySourcesPlaceholderConfigurer:172] - Loading properties file from URL [file:/F:/zythome/documents/NetBeansProjects/team/wifi-manger/wifi-main/target/test-classes/application.test.properties]
2014-09-23 00:00:56,990 [main] INFO  [org.springframework.orm.jpa.LocalContainerEntityManagerFactoryBean:332] - Building JPA container EntityManagerFactory for persistence unit 'default'
2014-09-23 00:00:57,037 [main] INFO  [org.hibernate.jpa.internal.util.LogHelper:46] - HHH000204: Processing PersistenceUnitInfo [
	name: default
	...]
2014-09-23 00:00:57,240 [main] INFO  [org.hibernate.Version:54] - HHH000412: Hibernate Core {4.3.4.Final}
2014-09-23 00:00:57,240 [main] INFO  [org.hibernate.cfg.Environment:239] - HHH000206: hibernate.properties not found
2014-09-23 00:00:57,240 [main] INFO  [org.hibernate.cfg.Environment:346] - HHH000021: Bytecode provider name : javassist
2014-09-23 00:00:57,630 [main] INFO  [org.hibernate.annotations.common.Version:66] - HCANN000001: Hibernate Commons Annotations {4.0.4.Final}
2014-09-23 00:00:58,145 [main] INFO  [org.hibernate.dialect.Dialect:145] - HHH000400: Using dialect: org.hibernate.dialect.H2Dialect
2014-09-23 00:00:58,550 [main] INFO  [org.hibernate.hql.internal.ast.ASTQueryTranslatorFactory:47] - HHH000397: Using ASTQueryTranslatorFactory
2014-09-23 00:00:58,644 [main] INFO  [org.hibernate.validator.internal.util.Version:27] - HV000001: Hibernate Validator 5.1.0.Final
2014-09-23 00:00:59,362 [main] WARN  [org.hibernate.id.UUIDHexGenerator:59] - HHH000409: Using org.hibernate.id.UUIDHexGenerator which does not generate IETF RFC 4122 compliant UUID values; consider using org.hibernate.id.UUIDGenerator instead
2014-09-23 00:01:00,220 [main] WARN  [org.hibernate.hql.internal.ast.HqlSqlWalker:995] - [DEPRECATION] Encountered positional parameter near line 1, column 90.  Positional parameter are considered deprecated; use named parameters or JPA-style positional parameters instead.
2014-09-23 00:01:00,532 [main] INFO  [org.hibernate.dialect.Dialect:145] - HHH000400: Using dialect: org.hibernate.dialect.H2Dialect
2014-09-23 00:01:00,578 [main] INFO  [org.hibernate.engine.transaction.internal.TransactionFactoryInitiator:62] - HHH000399: Using default transaction strategy (direct JDBC transactions)
2014-09-23 00:01:00,578 [main] INFO  [org.hibernate.hql.internal.ast.ASTQueryTranslatorFactory:47] - HHH000397: Using ASTQueryTranslatorFactory
2014-09-23 00:01:00,719 [main] WARN  [org.hibernate.hql.internal.ast.HqlSqlWalker:995] - [DEPRECATION] Encountered positional parameter near line 1, column 90.  Positional parameter are considered deprecated; use named parameters or JPA-style positional parameters instead.
2014-09-23 00:01:01,093 [main] INFO  [org.springframework.cache.ehcache.EhCacheManagerFactoryBean:136] - Initializing EhCache CacheManager
2014-09-23 00:01:02,700 [main] INFO  [org.springframework.orm.hibernate4.HibernateTransactionManager:339] - Using DataSource [org.apache.tomcat.jdbc.pool.DataSource@aa89c2{ConnectionPool[defaultAutoCommit=false; defaultReadOnly=null; defaultTransactionIsolation=-1; defaultCatalog=null; driverClassName=org.h2.Driver; maxActive=100; maxIdle=100; minIdle=10; initialSize=10; maxWait=30000; testOnBorrow=false; testOnReturn=false; timeBetweenEvictionRunsMillis=5000; numTestsPerEvictionRun=0; minEvictableIdleTimeMillis=60000; testWhileIdle=false; testOnConnect=false; password=********; url=jdbc:h2:mem:biwifi;DB_CLOSE_DELAY=-1; username=sa; validationQuery=null; validationQueryTimeout=-1; validatorClassName=null; validationInterval=30000; accessToUnderlyingConnectionAllowed=true; removeAbandoned=false; removeAbandonedTimeout=60; logAbandoned=false; connectionProperties=null; initSQL=null; jdbcInterceptors=null; jmxEnabled=true; fairQueue=true; useEquals=true; abandonWhenPercentageFull=0; maxAge=0; useLock=false; dataSource=null; dataSourceJNDI=null; suspectTimeout=0; alternateUsernameAllowed=false; commitOnReturn=false; rollbackOnReturn=false; useDisposableConnectionFacade=true; logValidationErrors=false; propagateInterruptState=false; ignoreExceptionOnPreLoad=false; }] of Hibernate SessionFactory for HibernateTransactionManager
2014-09-23 00:01:02,762 [main] INFO  [org.springframework.jdbc.datasource.init.ResourceDatabasePopulator:162] - Executing SQL script from class path resource [data/h2/create-table.sql]
2014-09-23 00:01:02,809 [main] INFO  [org.springframework.jdbc.datasource.init.ResourceDatabasePopulator:217] - Done executing SQL script from class path resource [data/h2/create-table.sql] in 47 ms.
2014-09-23 00:01:02,887 [main] INFO  [org.springframework.test.context.transaction.TransactionalTestExecutionListener:276] - Began transaction (1) for test context [DefaultTestContext@333b12 testClass = TestUserManager, testInstance = com.jyzn.wifi.test.manager.account.TestUserManager@15c23f1, testMethod = testUpdateUser@TestUserManager, testException = [null], mergedContextConfiguration = [MergedContextConfiguration@f7d7bd testClass = TestUserManager, locations = '{classpath:/applicationContext-core.xml}', classes = '{}', contextInitializerClasses = '[]', activeProfiles = '{test}', contextLoader = 'org.springframework.test.context.support.DelegatingSmartContextLoader', parent = [null]]]; transaction manager [org.springframework.orm.hibernate4.HibernateTransactionManager@1e63949]; rollback [true]
2014-09-23 00:01:02,903 [main] INFO  [org.springframework.test.jdbc.JdbcTestUtils:213] - Executing SQL script from class path resource [data/h2/cleanup-data.sql]
2014-09-23 00:01:02,903 [main] INFO  [org.springframework.test.jdbc.JdbcTestUtils:249] - Executed SQL script from class path resource [data/h2/cleanup-data.sql] in 0 ms.
2014-09-23 00:01:02,903 [main] INFO  [org.springframework.test.jdbc.JdbcTestUtils:213] - Executing SQL script from class path resource [data/h2/insert-data.sql]
2014-09-23 00:01:02,950 [main] INFO  [org.springframework.test.jdbc.JdbcTestUtils:249] - Executed SQL script from class path resource [data/h2/insert-data.sql] in 47 ms.
2014-09-23 00:01:03,012 [main] TRACE [org.hibernate.type.descriptor.sql.BasicBinder:81] - binding parameter [1] as [VARCHAR] - [SJDK3849CKMS3849DJCK2039ZMSK0001]
2014-09-23 00:01:03,137 [main] INFO  [org.springframework.test.context.transaction.TransactionalTestExecutionListener:298] - Rolled back transaction after test execution for test context [DefaultTestContext@333b12 testClass = TestUserManager, testInstance = com.jyzn.wifi.test.manager.account.TestUserManager@15c23f1, testMethod = testUpdateUser@TestUserManager, testException = [null], mergedContextConfiguration = [MergedContextConfiguration@f7d7bd testClass = TestUserManager, locations = '{classpath:/applicationContext-core.xml}', classes = '{}', contextInitializerClasses = '[]', activeProfiles = '{test}', contextLoader = 'org.springframework.test.context.support.DelegatingSmartContextLoader', parent = [null]]]
2014-09-23 00:01:03,152 [Thread-5] INFO  [org.springframework.context.support.GenericApplicationContext:873] - Closing org.springframework.context.support.GenericApplicationContext@12de489: startup date [Tue Sep 23 00:00:55 CST 2014]; root of context hierarchy
2014-09-23 00:01:03,152 [Thread-5] INFO  [org.springframework.cache.ehcache.EhCacheManagerFactoryBean:196] - Shutting down EhCache CacheManager
2014-09-23 00:01:03,168 [Thread-5] INFO  [org.springframework.orm.jpa.LocalContainerEntityManagerFactoryBean:462] - Closing JPA EntityManagerFactory for persistence unit 'default'
2014-09-23 00:01:26,147 [main] INFO  [org.springframework.beans.factory.xml.XmlBeanDefinitionReader:316] - Loading XML bean definitions from class path resource [applicationContext-core.xml]
2014-09-23 00:01:26,927 [main] INFO  [org.springframework.context.support.GenericApplicationContext:513] - Refreshing org.springframework.context.support.GenericApplicationContext@dd7b39: startup date [Tue Sep 23 00:01:26 CST 2014]; root of context hierarchy
2014-09-23 00:01:27,161 [main] INFO  [org.springframework.context.support.PropertySourcesPlaceholderConfigurer:172] - Loading properties file from URL [file:/F:/zythome/documents/NetBeansProjects/team/wifi-manger/wifi-main/target/test-classes/application.test.properties]
2014-09-23 00:01:27,988 [main] INFO  [org.springframework.orm.jpa.LocalContainerEntityManagerFactoryBean:332] - Building JPA container EntityManagerFactory for persistence unit 'default'
2014-09-23 00:01:28,034 [main] INFO  [org.hibernate.jpa.internal.util.LogHelper:46] - HHH000204: Processing PersistenceUnitInfo [
	name: default
	...]
2014-09-23 00:01:28,222 [main] INFO  [org.hibernate.Version:54] - HHH000412: Hibernate Core {4.3.4.Final}
2014-09-23 00:01:28,222 [main] INFO  [org.hibernate.cfg.Environment:239] - HHH000206: hibernate.properties not found
2014-09-23 00:01:28,222 [main] INFO  [org.hibernate.cfg.Environment:346] - HHH000021: Bytecode provider name : javassist
2014-09-23 00:01:28,580 [main] INFO  [org.hibernate.annotations.common.Version:66] - HCANN000001: Hibernate Commons Annotations {4.0.4.Final}
2014-09-23 00:01:29,064 [main] INFO  [org.hibernate.dialect.Dialect:145] - HHH000400: Using dialect: org.hibernate.dialect.H2Dialect
2014-09-23 00:01:29,423 [main] INFO  [org.hibernate.hql.internal.ast.ASTQueryTranslatorFactory:47] - HHH000397: Using ASTQueryTranslatorFactory
2014-09-23 00:01:29,532 [main] INFO  [org.hibernate.validator.internal.util.Version:27] - HV000001: Hibernate Validator 5.1.0.Final
2014-09-23 00:01:30,187 [main] WARN  [org.hibernate.id.UUIDHexGenerator:59] - HHH000409: Using org.hibernate.id.UUIDHexGenerator which does not generate IETF RFC 4122 compliant UUID values; consider using org.hibernate.id.UUIDGenerator instead
2014-09-23 00:01:30,998 [main] WARN  [org.hibernate.hql.internal.ast.HqlSqlWalker:995] - [DEPRECATION] Encountered positional parameter near line 1, column 90.  Positional parameter are considered deprecated; use named parameters or JPA-style positional parameters instead.
2014-09-23 00:01:31,310 [main] INFO  [org.hibernate.dialect.Dialect:145] - HHH000400: Using dialect: org.hibernate.dialect.H2Dialect
2014-09-23 00:01:31,357 [main] INFO  [org.hibernate.engine.transaction.internal.TransactionFactoryInitiator:62] - HHH000399: Using default transaction strategy (direct JDBC transactions)
2014-09-23 00:01:31,373 [main] INFO  [org.hibernate.hql.internal.ast.ASTQueryTranslatorFactory:47] - HHH000397: Using ASTQueryTranslatorFactory
2014-09-23 00:01:31,513 [main] WARN  [org.hibernate.hql.internal.ast.HqlSqlWalker:995] - [DEPRECATION] Encountered positional parameter near line 1, column 90.  Positional parameter are considered deprecated; use named parameters or JPA-style positional parameters instead.
2014-09-23 00:01:31,872 [main] INFO  [org.springframework.cache.ehcache.EhCacheManagerFactoryBean:136] - Initializing EhCache CacheManager
2014-09-23 00:01:33,416 [main] INFO  [org.springframework.orm.hibernate4.HibernateTransactionManager:339] - Using DataSource [org.apache.tomcat.jdbc.pool.DataSource@1b21063{ConnectionPool[defaultAutoCommit=false; defaultReadOnly=null; defaultTransactionIsolation=-1; defaultCatalog=null; driverClassName=org.h2.Driver; maxActive=100; maxIdle=100; minIdle=10; initialSize=10; maxWait=30000; testOnBorrow=false; testOnReturn=false; timeBetweenEvictionRunsMillis=5000; numTestsPerEvictionRun=0; minEvictableIdleTimeMillis=60000; testWhileIdle=false; testOnConnect=false; password=********; url=jdbc:h2:mem:biwifi;DB_CLOSE_DELAY=-1; username=sa; validationQuery=null; validationQueryTimeout=-1; validatorClassName=null; validationInterval=30000; accessToUnderlyingConnectionAllowed=true; removeAbandoned=false; removeAbandonedTimeout=60; logAbandoned=false; connectionProperties=null; initSQL=null; jdbcInterceptors=null; jmxEnabled=true; fairQueue=true; useEquals=true; abandonWhenPercentageFull=0; maxAge=0; useLock=false; dataSource=null; dataSourceJNDI=null; suspectTimeout=0; alternateUsernameAllowed=false; commitOnReturn=false; rollbackOnReturn=false; useDisposableConnectionFacade=true; logValidationErrors=false; propagateInterruptState=false; ignoreExceptionOnPreLoad=false; }] of Hibernate SessionFactory for HibernateTransactionManager
2014-09-23 00:01:33,479 [main] INFO  [org.springframework.jdbc.datasource.init.ResourceDatabasePopulator:162] - Executing SQL script from class path resource [data/h2/create-table.sql]
2014-09-23 00:01:33,526 [main] INFO  [org.springframework.jdbc.datasource.init.ResourceDatabasePopulator:217] - Done executing SQL script from class path resource [data/h2/create-table.sql] in 32 ms.
2014-09-23 00:01:33,588 [main] INFO  [org.springframework.test.jdbc.JdbcTestUtils:213] - Executing SQL script from class path resource [data/h2/cleanup-data.sql]
2014-09-23 00:01:33,588 [main] INFO  [org.springframework.test.jdbc.JdbcTestUtils:249] - Executed SQL script from class path resource [data/h2/cleanup-data.sql] in 0 ms.
2014-09-23 00:01:33,588 [main] INFO  [org.springframework.test.jdbc.JdbcTestUtils:213] - Executing SQL script from class path resource [data/h2/insert-data.sql]
2014-09-23 00:01:33,635 [main] INFO  [org.springframework.test.jdbc.JdbcTestUtils:249] - Executed SQL script from class path resource [data/h2/insert-data.sql] in 47 ms.
2014-09-23 00:01:33,744 [main] TRACE [org.hibernate.type.descriptor.sql.BasicBinder:81] - binding parameter [1] as [VARCHAR] - [SJDK3849CKMS3849DJCK2039ZMSK0001]
2014-09-23 00:01:33,822 [main] TRACE [org.hibernate.type.descriptor.sql.BasicBinder:81] - binding parameter [1] as [VARCHAR] - [SJDK3849CKMS3849DJCK2039ZMSK0001]
2014-09-23 00:01:33,838 [main] TRACE [org.hibernate.type.descriptor.sql.BasicBinder:81] - binding parameter [1] as [VARCHAR] - [SJDK3849CKMS3849DJCK2039ZMSK0001]
2014-09-23 00:01:33,853 [main] INFO  [org.springframework.test.context.transaction.TransactionalTestExecutionListener:276] - Began transaction (1) for test context [DefaultTestContext@1b4444a testClass = TestUserManager, testInstance = com.jyzn.wifi.test.manager.account.TestUserManager@e7a354, testMethod = testUpdateUser@TestUserManager, testException = [null], mergedContextConfiguration = [MergedContextConfiguration@114a328 testClass = TestUserManager, locations = '{classpath:/applicationContext-core.xml}', classes = '{}', contextInitializerClasses = '[]', activeProfiles = '{test}', contextLoader = 'org.springframework.test.context.support.DelegatingSmartContextLoader', parent = [null]]]; transaction manager [org.springframework.orm.hibernate4.HibernateTransactionManager@134866a]; rollback [true]
2014-09-23 00:01:33,853 [main] INFO  [org.springframework.test.jdbc.JdbcTestUtils:213] - Executing SQL script from class path resource [data/h2/cleanup-data.sql]
2014-09-23 00:01:33,869 [main] INFO  [org.springframework.test.jdbc.JdbcTestUtils:249] - Executed SQL script from class path resource [data/h2/cleanup-data.sql] in 16 ms.
2014-09-23 00:01:33,869 [main] INFO  [org.springframework.test.jdbc.JdbcTestUtils:213] - Executing SQL script from class path resource [data/h2/insert-data.sql]
2014-09-23 00:01:33,900 [main] INFO  [org.springframework.test.jdbc.JdbcTestUtils:249] - Executed SQL script from class path resource [data/h2/insert-data.sql] in 31 ms.
2014-09-23 00:01:33,900 [main] TRACE [org.hibernate.type.descriptor.sql.BasicBinder:81] - binding parameter [1] as [VARCHAR] - [SJDK3849CKMS3849DJCK2039ZMSK0001]
2014-09-23 00:01:33,978 [main] INFO  [org.springframework.test.context.transaction.TransactionalTestExecutionListener:298] - Rolled back transaction after test execution for test context [DefaultTestContext@1b4444a testClass = TestUserManager, testInstance = com.jyzn.wifi.test.manager.account.TestUserManager@e7a354, testMethod = testUpdateUser@TestUserManager, testException = [null], mergedContextConfiguration = [MergedContextConfiguration@114a328 testClass = TestUserManager, locations = '{classpath:/applicationContext-core.xml}', classes = '{}', contextInitializerClasses = '[]', activeProfiles = '{test}', contextLoader = 'org.springframework.test.context.support.DelegatingSmartContextLoader', parent = [null]]]
2014-09-23 00:01:33,978 [main] INFO  [org.springframework.test.context.transaction.TransactionalTestExecutionListener:276] - Began transaction (2) for test context [DefaultTestContext@1b4444a testClass = TestUserManager, testInstance = com.jyzn.wifi.test.manager.account.TestUserManager@acb6d1, testMethod = testGetUser@TestUserManager, testException = [null], mergedContextConfiguration = [MergedContextConfiguration@114a328 testClass = TestUserManager, locations = '{classpath:/applicationContext-core.xml}', classes = '{}', contextInitializerClasses = '[]', activeProfiles = '{test}', contextLoader = 'org.springframework.test.context.support.DelegatingSmartContextLoader', parent = [null]]]; transaction manager [org.springframework.orm.hibernate4.HibernateTransactionManager@134866a]; rollback [true]
2014-09-23 00:01:33,978 [main] INFO  [org.springframework.test.jdbc.JdbcTestUtils:213] - Executing SQL script from class path resource [data/h2/cleanup-data.sql]
2014-09-23 00:01:33,994 [main] INFO  [org.springframework.test.jdbc.JdbcTestUtils:249] - Executed SQL script from class path resource [data/h2/cleanup-data.sql] in 16 ms.
2014-09-23 00:01:33,994 [main] INFO  [org.springframework.test.jdbc.JdbcTestUtils:213] - Executing SQL script from class path resource [data/h2/insert-data.sql]
2014-09-23 00:01:34,009 [main] INFO  [org.springframework.test.jdbc.JdbcTestUtils:249] - Executed SQL script from class path resource [data/h2/insert-data.sql] in 15 ms.
2014-09-23 00:01:34,009 [main] TRACE [org.hibernate.type.descriptor.sql.BasicBinder:81] - binding parameter [1] as [VARCHAR] - [SJDK3849CKMS3849DJCK2039ZMSK0001]
2014-09-23 00:01:34,009 [main] TRACE [org.hibernate.type.descriptor.sql.BasicBinder:81] - binding parameter [1] as [VARCHAR] - [SJDK3849CKMS3849DJCK2039ZMSK0001]
2014-09-23 00:01:34,040 [main] INFO  [org.springframework.test.context.transaction.TransactionalTestExecutionListener:298] - Rolled back transaction after test execution for test context [DefaultTestContext@1b4444a testClass = TestUserManager, testInstance = com.jyzn.wifi.test.manager.account.TestUserManager@acb6d1, testMethod = testGetUser@TestUserManager, testException = [null], mergedContextConfiguration = [MergedContextConfiguration@114a328 testClass = TestUserManager, locations = '{classpath:/applicationContext-core.xml}', classes = '{}', contextInitializerClasses = '[]', activeProfiles = '{test}', contextLoader = 'org.springframework.test.context.support.DelegatingSmartContextLoader', parent = [null]]]
2014-09-23 00:01:34,040 [main] INFO  [org.springframework.test.jdbc.JdbcTestUtils:213] - Executing SQL script from class path resource [data/h2/cleanup-data.sql]
2014-09-23 00:01:34,040 [main] INFO  [org.springframework.test.jdbc.JdbcTestUtils:249] - Executed SQL script from class path resource [data/h2/cleanup-data.sql] in 0 ms.
2014-09-23 00:01:34,040 [main] INFO  [org.springframework.test.jdbc.JdbcTestUtils:213] - Executing SQL script from class path resource [data/h2/insert-data.sql]
2014-09-23 00:01:34,056 [main] INFO  [org.springframework.test.jdbc.JdbcTestUtils:249] - Executed SQL script from class path resource [data/h2/insert-data.sql] in 16 ms.
2014-09-23 00:01:34,103 [main] TRACE [org.hibernate.type.descriptor.sql.BasicBinder:81] - binding parameter [1] as [VARCHAR] - [maurice]
2014-09-23 00:01:34,118 [main] INFO  [org.springframework.test.jdbc.JdbcTestUtils:213] - Executing SQL script from class path resource [data/h2/cleanup-data.sql]
2014-09-23 00:01:34,118 [main] INFO  [org.springframework.test.jdbc.JdbcTestUtils:249] - Executed SQL script from class path resource [data/h2/cleanup-data.sql] in 0 ms.
2014-09-23 00:01:34,118 [main] INFO  [org.springframework.test.jdbc.JdbcTestUtils:213] - Executing SQL script from class path resource [data/h2/insert-data.sql]
2014-09-23 00:01:34,134 [main] INFO  [org.springframework.test.jdbc.JdbcTestUtils:249] - Executed SQL script from class path resource [data/h2/insert-data.sql] in 16 ms.
2014-09-23 00:01:34,134 [main] TRACE [org.hibernate.type.descriptor.sql.BasicBinder:81] - binding parameter [1] as [VARCHAR] - [test_maurice]
2014-09-23 00:01:34,212 [main] TRACE [org.hibernate.type.descriptor.sql.BasicBinder:81] - binding parameter [1] as [VARCHAR] - [test@test.com]
2014-09-23 00:01:34,212 [main] TRACE [org.hibernate.type.descriptor.sql.BasicBinder:81] - binding parameter [2] as [VARCHAR] - [e10adc3949ba59abbe56e057f20f883e]
2014-09-23 00:01:34,212 [main] TRACE [org.hibernate.type.descriptor.sql.BasicBinder:69] - binding parameter [3] as [VARCHAR] - [null]
2014-09-23 00:01:34,212 [main] TRACE [org.hibernate.type.descriptor.sql.BasicBinder:81] - binding parameter [4] as [VARCHAR] - [一个测试用户]
2014-09-23 00:01:34,212 [main] TRACE [org.hibernate.type.descriptor.sql.BasicBinder:81] - binding parameter [5] as [INTEGER] - [1]
2014-09-23 00:01:34,212 [main] TRACE [org.hibernate.type.descriptor.sql.BasicBinder:81] - binding parameter [6] as [VARCHAR] - [test_maurice]
2014-09-23 00:01:34,212 [main] TRACE [org.hibernate.type.descriptor.sql.BasicBinder:81] - binding parameter [7] as [VARCHAR] - [ff808081489e18ac01489e18bbc60000]
2014-09-23 00:01:34,228 [main] INFO  [org.springframework.test.jdbc.JdbcTestUtils:213] - Executing SQL script from class path resource [data/h2/cleanup-data.sql]
2014-09-23 00:01:34,228 [main] INFO  [org.springframework.test.jdbc.JdbcTestUtils:249] - Executed SQL script from class path resource [data/h2/cleanup-data.sql] in 0 ms.
2014-09-23 00:01:34,228 [main] INFO  [org.springframework.test.jdbc.JdbcTestUtils:213] - Executing SQL script from class path resource [data/h2/insert-data.sql]
2014-09-23 00:01:34,243 [main] INFO  [org.springframework.test.jdbc.JdbcTestUtils:249] - Executed SQL script from class path resource [data/h2/insert-data.sql] in 15 ms.
2014-09-23 00:01:34,243 [main] TRACE [org.hibernate.type.descriptor.sql.BasicBinder:81] - binding parameter [1] as [VARCHAR] - [maurice]
2014-09-23 00:01:34,243 [main] INFO  [org.springframework.test.jdbc.JdbcTestUtils:213] - Executing SQL script from class path resource [data/h2/cleanup-data.sql]
2014-09-23 00:01:34,259 [main] INFO  [org.springframework.test.jdbc.JdbcTestUtils:249] - Executed SQL script from class path resource [data/h2/cleanup-data.sql] in 0 ms.
2014-09-23 00:01:34,259 [main] INFO  [org.springframework.test.jdbc.JdbcTestUtils:213] - Executing SQL script from class path resource [data/h2/insert-data.sql]
2014-09-23 00:01:34,259 [main] INFO  [org.springframework.test.jdbc.JdbcTestUtils:249] - Executed SQL script from class path resource [data/h2/insert-data.sql] in 0 ms.
2014-09-23 00:01:34,352 [main] TRACE [org.hibernate.type.descriptor.sql.BasicBinder:81] - binding parameter [1] as [VARCHAR] - [%es%]
2014-09-23 00:01:34,368 [main] TRACE [org.hibernate.type.descriptor.sql.BasicBinder:81] - binding parameter [2] as [INTEGER] - [1]
2014-09-23 00:01:34,368 [main] TRACE [org.hibernate.type.descriptor.sql.BasicBinder:81] - binding parameter [1] as [VARCHAR] - [%es%]
2014-09-23 00:01:34,368 [main] TRACE [org.hibernate.type.descriptor.sql.BasicBinder:81] - binding parameter [2] as [INTEGER] - [1]
2014-09-23 00:01:34,368 [main] INFO  [org.springframework.test.jdbc.JdbcTestUtils:213] - Executing SQL script from class path resource [data/h2/cleanup-data.sql]
2014-09-23 00:01:34,384 [main] INFO  [org.springframework.test.jdbc.JdbcTestUtils:249] - Executed SQL script from class path resource [data/h2/cleanup-data.sql] in 0 ms.
2014-09-23 00:01:34,384 [main] INFO  [org.springframework.test.jdbc.JdbcTestUtils:213] - Executing SQL script from class path resource [data/h2/insert-data.sql]
2014-09-23 00:01:34,384 [main] INFO  [org.springframework.test.jdbc.JdbcTestUtils:249] - Executed SQL script from class path resource [data/h2/insert-data.sql] in 0 ms.
2014-09-23 00:01:34,399 [Thread-5] INFO  [org.springframework.context.support.GenericApplicationContext:873] - Closing org.springframework.context.support.GenericApplicationContext@dd7b39: startup date [Tue Sep 23 00:01:26 CST 2014]; root of context hierarchy
2014-09-23 00:01:34,415 [Thread-5] INFO  [org.springframework.cache.ehcache.EhCacheManagerFactoryBean:196] - Shutting down EhCache CacheManager
2014-09-23 00:01:34,430 [Thread-5] INFO  [org.springframework.orm.jpa.LocalContainerEntityManagerFactoryBean:462] - Closing JPA EntityManagerFactory for persistence unit 'default'
2014-09-23 00:01:56,551 [main] INFO  [org.springframework.beans.factory.xml.XmlBeanDefinitionReader:316] - Loading XML bean definitions from class path resource [applicationContext-core.xml]
2014-09-23 00:01:57,331 [main] INFO  [org.springframework.context.support.GenericApplicationContext:513] - Refreshing org.springframework.context.support.GenericApplicationContext@7fe64f: startup date [Tue Sep 23 00:01:57 CST 2014]; root of context hierarchy
2014-09-23 00:01:57,565 [main] INFO  [org.springframework.context.support.PropertySourcesPlaceholderConfigurer:172] - Loading properties file from URL [file:/F:/zythome/documents/NetBeansProjects/team/wifi-manger/wifi-main/target/test-classes/application.test.properties]
2014-09-23 00:01:58,423 [main] INFO  [org.springframework.orm.jpa.LocalContainerEntityManagerFactoryBean:332] - Building JPA container EntityManagerFactory for persistence unit 'default'
2014-09-23 00:01:58,470 [main] INFO  [org.hibernate.jpa.internal.util.LogHelper:46] - HHH000204: Processing PersistenceUnitInfo [
	name: default
	...]
2014-09-23 00:01:58,657 [main] INFO  [org.hibernate.Version:54] - HHH000412: Hibernate Core {4.3.4.Final}
2014-09-23 00:01:58,673 [main] INFO  [org.hibernate.cfg.Environment:239] - HHH000206: hibernate.properties not found
2014-09-23 00:01:58,673 [main] INFO  [org.hibernate.cfg.Environment:346] - HHH000021: Bytecode provider name : javassist
2014-09-23 00:01:59,047 [main] INFO  [org.hibernate.annotations.common.Version:66] - HCANN000001: Hibernate Commons Annotations {4.0.4.Final}
2014-09-23 00:01:59,531 [main] INFO  [org.hibernate.dialect.Dialect:145] - HHH000400: Using dialect: org.hibernate.dialect.H2Dialect
2014-09-23 00:01:59,936 [main] INFO  [org.hibernate.hql.internal.ast.ASTQueryTranslatorFactory:47] - HHH000397: Using ASTQueryTranslatorFactory
2014-09-23 00:02:00,046 [main] INFO  [org.hibernate.validator.internal.util.Version:27] - HV000001: Hibernate Validator 5.1.0.Final
2014-09-23 00:02:00,732 [main] WARN  [org.hibernate.id.UUIDHexGenerator:59] - HHH000409: Using org.hibernate.id.UUIDHexGenerator which does not generate IETF RFC 4122 compliant UUID values; consider using org.hibernate.id.UUIDGenerator instead
2014-09-23 00:02:01,590 [main] WARN  [org.hibernate.hql.internal.ast.HqlSqlWalker:995] - [DEPRECATION] Encountered positional parameter near line 1, column 90.  Positional parameter are considered deprecated; use named parameters or JPA-style positional parameters instead.
2014-09-23 00:02:01,902 [main] INFO  [org.hibernate.dialect.Dialect:145] - HHH000400: Using dialect: org.hibernate.dialect.H2Dialect
2014-09-23 00:02:01,933 [main] INFO  [org.hibernate.engine.transaction.internal.TransactionFactoryInitiator:62] - HHH000399: Using default transaction strategy (direct JDBC transactions)
2014-09-23 00:02:01,949 [main] INFO  [org.hibernate.hql.internal.ast.ASTQueryTranslatorFactory:47] - HHH000397: Using ASTQueryTranslatorFactory
2014-09-23 00:02:02,089 [main] WARN  [org.hibernate.hql.internal.ast.HqlSqlWalker:995] - [DEPRECATION] Encountered positional parameter near line 1, column 90.  Positional parameter are considered deprecated; use named parameters or JPA-style positional parameters instead.
2014-09-23 00:02:02,479 [main] INFO  [org.springframework.cache.ehcache.EhCacheManagerFactoryBean:136] - Initializing EhCache CacheManager
2014-09-23 00:02:04,070 [main] INFO  [org.springframework.orm.hibernate4.HibernateTransactionManager:339] - Using DataSource [org.apache.tomcat.jdbc.pool.DataSource@19b4cff{ConnectionPool[defaultAutoCommit=false; defaultReadOnly=null; defaultTransactionIsolation=-1; defaultCatalog=null; driverClassName=org.h2.Driver; maxActive=100; maxIdle=100; minIdle=10; initialSize=10; maxWait=30000; testOnBorrow=false; testOnReturn=false; timeBetweenEvictionRunsMillis=5000; numTestsPerEvictionRun=0; minEvictableIdleTimeMillis=60000; testWhileIdle=false; testOnConnect=false; password=********; url=jdbc:h2:mem:biwifi;DB_CLOSE_DELAY=-1; username=sa; validationQuery=null; validationQueryTimeout=-1; validatorClassName=null; validationInterval=30000; accessToUnderlyingConnectionAllowed=true; removeAbandoned=false; removeAbandonedTimeout=60; logAbandoned=false; connectionProperties=null; initSQL=null; jdbcInterceptors=null; jmxEnabled=true; fairQueue=true; useEquals=true; abandonWhenPercentageFull=0; maxAge=0; useLock=false; dataSource=null; dataSourceJNDI=null; suspectTimeout=0; alternateUsernameAllowed=false; commitOnReturn=false; rollbackOnReturn=false; useDisposableConnectionFacade=true; logValidationErrors=false; propagateInterruptState=false; ignoreExceptionOnPreLoad=false; }] of Hibernate SessionFactory for HibernateTransactionManager
2014-09-23 00:02:04,148 [main] INFO  [org.springframework.jdbc.datasource.init.ResourceDatabasePopulator:162] - Executing SQL script from class path resource [data/h2/create-table.sql]
2014-09-23 00:02:04,195 [main] INFO  [org.springframework.jdbc.datasource.init.ResourceDatabasePopulator:217] - Done executing SQL script from class path resource [data/h2/create-table.sql] in 47 ms.
2014-09-23 00:02:04,258 [main] INFO  [org.springframework.test.context.transaction.TransactionalTestExecutionListener:276] - Began transaction (1) for test context [DefaultTestContext@1a6fb7f testClass = UserDaoTest, testInstance = com.jyzn.wifi.test.manager.account.UserDaoTest@120010e, testMethod = update@UserDaoTest, testException = [null], mergedContextConfiguration = [MergedContextConfiguration@3fbbc9 testClass = UserDaoTest, locations = '{classpath:/applicationContext-core.xml}', classes = '{}', contextInitializerClasses = '[]', activeProfiles = '{test}', contextLoader = 'org.springframework.test.context.support.DelegatingSmartContextLoader', parent = [null]]]; transaction manager [org.springframework.orm.hibernate4.HibernateTransactionManager@69f4e5]; rollback [true]
2014-09-23 00:02:04,258 [main] INFO  [org.springframework.test.jdbc.JdbcTestUtils:213] - Executing SQL script from class path resource [data/h2/cleanup-data.sql]
2014-09-23 00:02:04,258 [main] INFO  [org.springframework.test.jdbc.JdbcTestUtils:249] - Executed SQL script from class path resource [data/h2/cleanup-data.sql] in 0 ms.
2014-09-23 00:02:04,258 [main] INFO  [org.springframework.test.jdbc.JdbcTestUtils:213] - Executing SQL script from class path resource [data/h2/insert-data.sql]
2014-09-23 00:02:04,304 [main] INFO  [org.springframework.test.jdbc.JdbcTestUtils:249] - Executed SQL script from class path resource [data/h2/insert-data.sql] in 31 ms.
2014-09-23 00:02:04,351 [main] TRACE [org.hibernate.type.descriptor.sql.BasicBinder:81] - binding parameter [1] as [VARCHAR] - [SJDK3849CKMS3849DJCK2039ZMSK0001]
2014-09-23 00:02:04,429 [main] INFO  [org.springframework.test.context.transaction.TransactionalTestExecutionListener:298] - Rolled back transaction after test execution for test context [DefaultTestContext@1a6fb7f testClass = UserDaoTest, testInstance = com.jyzn.wifi.test.manager.account.UserDaoTest@120010e, testMethod = update@UserDaoTest, testException = [null], mergedContextConfiguration = [MergedContextConfiguration@3fbbc9 testClass = UserDaoTest, locations = '{classpath:/applicationContext-core.xml}', classes = '{}', contextInitializerClasses = '[]', activeProfiles = '{test}', contextLoader = 'org.springframework.test.context.support.DelegatingSmartContextLoader', parent = [null]]]
2014-09-23 00:02:04,429 [main] INFO  [org.springframework.test.context.transaction.TransactionalTestExecutionListener:276] - Began transaction (2) for test context [DefaultTestContext@1a6fb7f testClass = UserDaoTest, testInstance = com.jyzn.wifi.test.manager.account.UserDaoTest@14f2cc0, testMethod = pwdTest@UserDaoTest, testException = [null], mergedContextConfiguration = [MergedContextConfiguration@3fbbc9 testClass = UserDaoTest, locations = '{classpath:/applicationContext-core.xml}', classes = '{}', contextInitializerClasses = '[]', activeProfiles = '{test}', contextLoader = 'org.springframework.test.context.support.DelegatingSmartContextLoader', parent = [null]]]; transaction manager [org.springframework.orm.hibernate4.HibernateTransactionManager@69f4e5]; rollback [true]
2014-09-23 00:02:04,429 [main] INFO  [org.springframework.test.jdbc.JdbcTestUtils:213] - Executing SQL script from class path resource [data/h2/cleanup-data.sql]
2014-09-23 00:02:04,429 [main] INFO  [org.springframework.test.jdbc.JdbcTestUtils:249] - Executed SQL script from class path resource [data/h2/cleanup-data.sql] in 0 ms.
2014-09-23 00:02:04,429 [main] INFO  [org.springframework.test.jdbc.JdbcTestUtils:213] - Executing SQL script from class path resource [data/h2/insert-data.sql]
2014-09-23 00:02:04,445 [main] INFO  [org.springframework.test.jdbc.JdbcTestUtils:249] - Executed SQL script from class path resource [data/h2/insert-data.sql] in 16 ms.
2014-09-23 00:02:06,317 [main] TRACE [org.hibernate.type.descriptor.sql.BasicBinder:81] - binding parameter [1] as [VARCHAR] - [SJDK3849CKMS3849DJCK2039ZMSK0001]
2014-09-23 00:02:06,317 [main] TRACE [org.hibernate.type.descriptor.sql.BasicBinder:81] - binding parameter [2] as [VARCHAR] - [654321]
2014-09-23 00:02:06,317 [main] TRACE [org.hibernate.type.descriptor.sql.BasicBinder:81] - binding parameter [1] as [VARCHAR] - [SJDK3849CKMS3849DJCK2039ZMSK0001]
2014-09-23 00:02:06,332 [main] INFO  [org.springframework.test.context.transaction.TransactionalTestExecutionListener:298] - Rolled back transaction after test execution for test context [DefaultTestContext@1a6fb7f testClass = UserDaoTest, testInstance = com.jyzn.wifi.test.manager.account.UserDaoTest@14f2cc0, testMethod = pwdTest@UserDaoTest, testException = [null], mergedContextConfiguration = [MergedContextConfiguration@3fbbc9 testClass = UserDaoTest, locations = '{classpath:/applicationContext-core.xml}', classes = '{}', contextInitializerClasses = '[]', activeProfiles = '{test}', contextLoader = 'org.springframework.test.context.support.DelegatingSmartContextLoader', parent = [null]]]
2014-09-23 00:02:06,332 [main] INFO  [org.springframework.test.jdbc.JdbcTestUtils:213] - Executing SQL script from class path resource [data/h2/cleanup-data.sql]
2014-09-23 00:02:06,332 [main] INFO  [org.springframework.test.jdbc.JdbcTestUtils:249] - Executed SQL script from class path resource [data/h2/cleanup-data.sql] in 0 ms.
2014-09-23 00:02:06,332 [main] INFO  [org.springframework.test.jdbc.JdbcTestUtils:213] - Executing SQL script from class path resource [data/h2/insert-data.sql]
2014-09-23 00:02:06,364 [main] INFO  [org.springframework.test.jdbc.JdbcTestUtils:249] - Executed SQL script from class path resource [data/h2/insert-data.sql] in 32 ms.
2014-09-23 00:02:06,379 [Thread-5] INFO  [org.springframework.context.support.GenericApplicationContext:873] - Closing org.springframework.context.support.GenericApplicationContext@7fe64f: startup date [Tue Sep 23 00:01:57 CST 2014]; root of context hierarchy
2014-09-23 00:02:06,410 [Thread-5] INFO  [org.springframework.cache.ehcache.EhCacheManagerFactoryBean:196] - Shutting down EhCache CacheManager
2014-09-23 00:02:06,426 [Thread-5] INFO  [org.springframework.orm.jpa.LocalContainerEntityManagerFactoryBean:462] - Closing JPA EntityManagerFactory for persistence unit 'default'
2014-09-23 00:03:00,402 [main] INFO  [org.springframework.beans.factory.xml.XmlBeanDefinitionReader:316] - Loading XML bean definitions from class path resource [applicationContext-core.xml]
2014-09-23 00:03:01,167 [main] INFO  [org.springframework.context.support.GenericApplicationContext:513] - Refreshing org.springframework.context.support.GenericApplicationContext@4f4a5c: startup date [Tue Sep 23 00:03:01 CST 2014]; root of context hierarchy
2014-09-23 00:03:01,401 [main] INFO  [org.springframework.context.support.PropertySourcesPlaceholderConfigurer:172] - Loading properties file from URL [file:/F:/zythome/documents/NetBeansProjects/team/wifi-manger/wifi-main/target/test-classes/application.test.properties]
2014-09-23 00:03:02,227 [main] INFO  [org.springframework.orm.jpa.LocalContainerEntityManagerFactoryBean:332] - Building JPA container EntityManagerFactory for persistence unit 'default'
2014-09-23 00:03:02,274 [main] INFO  [org.hibernate.jpa.internal.util.LogHelper:46] - HHH000204: Processing PersistenceUnitInfo [
	name: default
	...]
2014-09-23 00:03:02,461 [main] INFO  [org.hibernate.Version:54] - HHH000412: Hibernate Core {4.3.4.Final}
2014-09-23 00:03:02,461 [main] INFO  [org.hibernate.cfg.Environment:239] - HHH000206: hibernate.properties not found
2014-09-23 00:03:02,461 [main] INFO  [org.hibernate.cfg.Environment:346] - HHH000021: Bytecode provider name : javassist
2014-09-23 00:03:02,820 [main] INFO  [org.hibernate.annotations.common.Version:66] - HCANN000001: Hibernate Commons Annotations {4.0.4.Final}
2014-09-23 00:03:03,288 [main] INFO  [org.hibernate.dialect.Dialect:145] - HHH000400: Using dialect: org.hibernate.dialect.H2Dialect
2014-09-23 00:03:03,678 [main] INFO  [org.hibernate.hql.internal.ast.ASTQueryTranslatorFactory:47] - HHH000397: Using ASTQueryTranslatorFactory
2014-09-23 00:03:03,772 [main] INFO  [org.hibernate.validator.internal.util.Version:27] - HV000001: Hibernate Validator 5.1.0.Final
2014-09-23 00:03:04,443 [main] WARN  [org.hibernate.id.UUIDHexGenerator:59] - HHH000409: Using org.hibernate.id.UUIDHexGenerator which does not generate IETF RFC 4122 compliant UUID values; consider using org.hibernate.id.UUIDGenerator instead
2014-09-23 00:03:05,301 [main] WARN  [org.hibernate.hql.internal.ast.HqlSqlWalker:995] - [DEPRECATION] Encountered positional parameter near line 1, column 90.  Positional parameter are considered deprecated; use named parameters or JPA-style positional parameters instead.
2014-09-23 00:03:05,613 [main] INFO  [org.hibernate.dialect.Dialect:145] - HHH000400: Using dialect: org.hibernate.dialect.H2Dialect
2014-09-23 00:03:05,644 [main] INFO  [org.hibernate.engine.transaction.internal.TransactionFactoryInitiator:62] - HHH000399: Using default transaction strategy (direct JDBC transactions)
2014-09-23 00:03:05,659 [main] INFO  [org.hibernate.hql.internal.ast.ASTQueryTranslatorFactory:47] - HHH000397: Using ASTQueryTranslatorFactory
2014-09-23 00:03:05,800 [main] WARN  [org.hibernate.hql.internal.ast.HqlSqlWalker:995] - [DEPRECATION] Encountered positional parameter near line 1, column 90.  Positional parameter are considered deprecated; use named parameters or JPA-style positional parameters instead.
2014-09-23 00:03:06,190 [main] INFO  [org.springframework.cache.ehcache.EhCacheManagerFactoryBean:136] - Initializing EhCache CacheManager
2014-09-23 00:03:07,719 [main] INFO  [org.springframework.orm.hibernate4.HibernateTransactionManager:339] - Using DataSource [org.apache.tomcat.jdbc.pool.DataSource@1ccf49e{ConnectionPool[defaultAutoCommit=false; defaultReadOnly=null; defaultTransactionIsolation=-1; defaultCatalog=null; driverClassName=org.h2.Driver; maxActive=100; maxIdle=100; minIdle=10; initialSize=10; maxWait=30000; testOnBorrow=false; testOnReturn=false; timeBetweenEvictionRunsMillis=5000; numTestsPerEvictionRun=0; minEvictableIdleTimeMillis=60000; testWhileIdle=false; testOnConnect=false; password=********; url=jdbc:h2:mem:biwifi;DB_CLOSE_DELAY=-1; username=sa; validationQuery=null; validationQueryTimeout=-1; validatorClassName=null; validationInterval=30000; accessToUnderlyingConnectionAllowed=true; removeAbandoned=false; removeAbandonedTimeout=60; logAbandoned=false; connectionProperties=null; initSQL=null; jdbcInterceptors=null; jmxEnabled=true; fairQueue=true; useEquals=true; abandonWhenPercentageFull=0; maxAge=0; useLock=false; dataSource=null; dataSourceJNDI=null; suspectTimeout=0; alternateUsernameAllowed=false; commitOnReturn=false; rollbackOnReturn=false; useDisposableConnectionFacade=true; logValidationErrors=false; propagateInterruptState=false; ignoreExceptionOnPreLoad=false; }] of Hibernate SessionFactory for HibernateTransactionManager
2014-09-23 00:03:07,781 [main] INFO  [org.springframework.jdbc.datasource.init.ResourceDatabasePopulator:162] - Executing SQL script from class path resource [data/h2/create-table.sql]
2014-09-23 00:03:07,828 [main] INFO  [org.springframework.jdbc.datasource.init.ResourceDatabasePopulator:217] - Done executing SQL script from class path resource [data/h2/create-table.sql] in 47 ms.
2014-09-23 00:03:07,890 [main] INFO  [org.springframework.test.context.transaction.TransactionalTestExecutionListener:276] - Began transaction (1) for test context [DefaultTestContext@19bb304 testClass = UserDaoTest, testInstance = com.jyzn.wifi.test.manager.account.UserDaoTest@1477bbb, testMethod = pwdTest@UserDaoTest, testException = [null], mergedContextConfiguration = [MergedContextConfiguration@fee459 testClass = UserDaoTest, locations = '{classpath:/applicationContext-core.xml}', classes = '{}', contextInitializerClasses = '[]', activeProfiles = '{test}', contextLoader = 'org.springframework.test.context.support.DelegatingSmartContextLoader', parent = [null]]]; transaction manager [org.springframework.orm.hibernate4.HibernateTransactionManager@1cd9ed6]; rollback [true]
2014-09-23 00:03:07,906 [main] INFO  [org.springframework.test.jdbc.JdbcTestUtils:213] - Executing SQL script from class path resource [data/h2/cleanup-data.sql]
2014-09-23 00:03:07,906 [main] INFO  [org.springframework.test.jdbc.JdbcTestUtils:249] - Executed SQL script from class path resource [data/h2/cleanup-data.sql] in 0 ms.
2014-09-23 00:03:07,906 [main] INFO  [org.springframework.test.jdbc.JdbcTestUtils:213] - Executing SQL script from class path resource [data/h2/insert-data.sql]
2014-09-23 00:03:07,953 [main] INFO  [org.springframework.test.jdbc.JdbcTestUtils:249] - Executed SQL script from class path resource [data/h2/insert-data.sql] in 47 ms.
2014-09-23 00:03:09,715 [main] TRACE [org.hibernate.type.descriptor.sql.BasicBinder:81] - binding parameter [1] as [VARCHAR] - [SJDK3849CKMS3849DJCK2039ZMSK0001]
2014-09-23 00:03:09,715 [main] TRACE [org.hibernate.type.descriptor.sql.BasicBinder:81] - binding parameter [2] as [VARCHAR] - [654321]
2014-09-23 00:03:09,731 [main] TRACE [org.hibernate.type.descriptor.sql.BasicBinder:81] - binding parameter [1] as [VARCHAR] - [SJDK3849CKMS3849DJCK2039ZMSK0001]
2014-09-23 00:03:09,793 [main] INFO  [org.springframework.test.context.transaction.TransactionalTestExecutionListener:298] - Rolled back transaction after test execution for test context [DefaultTestContext@19bb304 testClass = UserDaoTest, testInstance = com.jyzn.wifi.test.manager.account.UserDaoTest@1477bbb, testMethod = pwdTest@UserDaoTest, testException = [null], mergedContextConfiguration = [MergedContextConfiguration@fee459 testClass = UserDaoTest, locations = '{classpath:/applicationContext-core.xml}', classes = '{}', contextInitializerClasses = '[]', activeProfiles = '{test}', contextLoader = 'org.springframework.test.context.support.DelegatingSmartContextLoader', parent = [null]]]
2014-09-23 00:03:09,825 [Thread-5] INFO  [org.springframework.context.support.GenericApplicationContext:873] - Closing org.springframework.context.support.GenericApplicationContext@4f4a5c: startup date [Tue Sep 23 00:03:01 CST 2014]; root of context hierarchy
2014-09-23 00:03:09,856 [Thread-5] INFO  [org.springframework.cache.ehcache.EhCacheManagerFactoryBean:196] - Shutting down EhCache CacheManager
2014-09-23 00:03:09,856 [Thread-5] INFO  [org.springframework.orm.jpa.LocalContainerEntityManagerFactoryBean:462] - Closing JPA EntityManagerFactory for persistence unit 'default'
2014-09-23 00:03:58,060 [main] INFO  [org.springframework.beans.factory.xml.XmlBeanDefinitionReader:316] - Loading XML bean definitions from class path resource [applicationContext-core.xml]
2014-09-23 00:03:58,871 [main] INFO  [org.springframework.context.support.GenericApplicationContext:513] - Refreshing org.springframework.context.support.GenericApplicationContext@4f4a5c: startup date [Tue Sep 23 00:03:58 CST 2014]; root of context hierarchy
2014-09-23 00:03:59,105 [main] INFO  [org.springframework.context.support.PropertySourcesPlaceholderConfigurer:172] - Loading properties file from URL [file:/F:/zythome/documents/NetBeansProjects/team/wifi-manger/wifi-main/target/test-classes/application.test.properties]
2014-09-23 00:03:59,963 [main] INFO  [org.springframework.orm.jpa.LocalContainerEntityManagerFactoryBean:332] - Building JPA container EntityManagerFactory for persistence unit 'default'
2014-09-23 00:04:00,010 [main] INFO  [org.hibernate.jpa.internal.util.LogHelper:46] - HHH000204: Processing PersistenceUnitInfo [
	name: default
	...]
2014-09-23 00:04:00,213 [main] INFO  [org.hibernate.Version:54] - HHH000412: Hibernate Core {4.3.4.Final}
2014-09-23 00:04:00,213 [main] INFO  [org.hibernate.cfg.Environment:239] - HHH000206: hibernate.properties not found
2014-09-23 00:04:00,213 [main] INFO  [org.hibernate.cfg.Environment:346] - HHH000021: Bytecode provider name : javassist
2014-09-23 00:04:00,587 [main] INFO  [org.hibernate.annotations.common.Version:66] - HCANN000001: Hibernate Commons Annotations {4.0.4.Final}
2014-09-23 00:04:01,071 [main] INFO  [org.hibernate.dialect.Dialect:145] - HHH000400: Using dialect: org.hibernate.dialect.H2Dialect
2014-09-23 00:04:01,461 [main] INFO  [org.hibernate.hql.internal.ast.ASTQueryTranslatorFactory:47] - HHH000397: Using ASTQueryTranslatorFactory
2014-09-23 00:04:01,554 [main] INFO  [org.hibernate.validator.internal.util.Version:27] - HV000001: Hibernate Validator 5.1.0.Final
2014-09-23 00:04:02,256 [main] WARN  [org.hibernate.id.UUIDHexGenerator:59] - HHH000409: Using org.hibernate.id.UUIDHexGenerator which does not generate IETF RFC 4122 compliant UUID values; consider using org.hibernate.id.UUIDGenerator instead
2014-09-23 00:04:03,114 [main] WARN  [org.hibernate.hql.internal.ast.HqlSqlWalker:995] - [DEPRECATION] Encountered positional parameter near line 1, column 90.  Positional parameter are considered deprecated; use named parameters or JPA-style positional parameters instead.
2014-09-23 00:04:03,426 [main] INFO  [org.hibernate.dialect.Dialect:145] - HHH000400: Using dialect: org.hibernate.dialect.H2Dialect
2014-09-23 00:04:03,457 [main] INFO  [org.hibernate.engine.transaction.internal.TransactionFactoryInitiator:62] - HHH000399: Using default transaction strategy (direct JDBC transactions)
2014-09-23 00:04:03,457 [main] INFO  [org.hibernate.hql.internal.ast.ASTQueryTranslatorFactory:47] - HHH000397: Using ASTQueryTranslatorFactory
2014-09-23 00:04:03,613 [main] WARN  [org.hibernate.hql.internal.ast.HqlSqlWalker:995] - [DEPRECATION] Encountered positional parameter near line 1, column 90.  Positional parameter are considered deprecated; use named parameters or JPA-style positional parameters instead.
2014-09-23 00:04:04,003 [main] INFO  [org.springframework.cache.ehcache.EhCacheManagerFactoryBean:136] - Initializing EhCache CacheManager
2014-09-23 00:04:05,595 [main] INFO  [org.springframework.orm.hibernate4.HibernateTransactionManager:339] - Using DataSource [org.apache.tomcat.jdbc.pool.DataSource@1ccf49e{ConnectionPool[defaultAutoCommit=false; defaultReadOnly=null; defaultTransactionIsolation=-1; defaultCatalog=null; driverClassName=org.h2.Driver; maxActive=100; maxIdle=100; minIdle=10; initialSize=10; maxWait=30000; testOnBorrow=false; testOnReturn=false; timeBetweenEvictionRunsMillis=5000; numTestsPerEvictionRun=0; minEvictableIdleTimeMillis=60000; testWhileIdle=false; testOnConnect=false; password=********; url=jdbc:h2:mem:biwifi;DB_CLOSE_DELAY=-1; username=sa; validationQuery=null; validationQueryTimeout=-1; validatorClassName=null; validationInterval=30000; accessToUnderlyingConnectionAllowed=true; removeAbandoned=false; removeAbandonedTimeout=60; logAbandoned=false; connectionProperties=null; initSQL=null; jdbcInterceptors=null; jmxEnabled=true; fairQueue=true; useEquals=true; abandonWhenPercentageFull=0; maxAge=0; useLock=false; dataSource=null; dataSourceJNDI=null; suspectTimeout=0; alternateUsernameAllowed=false; commitOnReturn=false; rollbackOnReturn=false; useDisposableConnectionFacade=true; logValidationErrors=false; propagateInterruptState=false; ignoreExceptionOnPreLoad=false; }] of Hibernate SessionFactory for HibernateTransactionManager
2014-09-23 00:04:05,657 [main] INFO  [org.springframework.jdbc.datasource.init.ResourceDatabasePopulator:162] - Executing SQL script from class path resource [data/h2/create-table.sql]
2014-09-23 00:04:05,719 [main] INFO  [org.springframework.jdbc.datasource.init.ResourceDatabasePopulator:217] - Done executing SQL script from class path resource [data/h2/create-table.sql] in 62 ms.
2014-09-23 00:04:05,782 [main] INFO  [org.springframework.test.context.transaction.TransactionalTestExecutionListener:276] - Began transaction (1) for test context [DefaultTestContext@19bb304 testClass = UserDaoTest, testInstance = com.jyzn.wifi.test.manager.account.UserDaoTest@1477bbb, testMethod = pwdTest@UserDaoTest, testException = [null], mergedContextConfiguration = [MergedContextConfiguration@fee459 testClass = UserDaoTest, locations = '{classpath:/applicationContext-core.xml}', classes = '{}', contextInitializerClasses = '[]', activeProfiles = '{test}', contextLoader = 'org.springframework.test.context.support.DelegatingSmartContextLoader', parent = [null]]]; transaction manager [org.springframework.orm.hibernate4.HibernateTransactionManager@1cd9ed6]; rollback [true]
2014-09-23 00:04:05,782 [main] INFO  [org.springframework.test.jdbc.JdbcTestUtils:213] - Executing SQL script from class path resource [data/h2/cleanup-data.sql]
2014-09-23 00:04:05,797 [main] INFO  [org.springframework.test.jdbc.JdbcTestUtils:249] - Executed SQL script from class path resource [data/h2/cleanup-data.sql] in 15 ms.
2014-09-23 00:04:05,797 [main] INFO  [org.springframework.test.jdbc.JdbcTestUtils:213] - Executing SQL script from class path resource [data/h2/insert-data.sql]
2014-09-23 00:04:05,829 [main] INFO  [org.springframework.test.jdbc.JdbcTestUtils:249] - Executed SQL script from class path resource [data/h2/insert-data.sql] in 32 ms.
2014-09-23 00:04:08,059 [main] TRACE [org.hibernate.type.descriptor.sql.BasicBinder:81] - binding parameter [1] as [VARCHAR] - [SJDK3849CKMS3849DJCK2039ZMSK0001]
2014-09-23 00:04:08,059 [main] TRACE [org.hibernate.type.descriptor.sql.BasicBinder:81] - binding parameter [2] as [VARCHAR] - [654321]
2014-09-23 00:04:08,075 [main] TRACE [org.hibernate.type.descriptor.sql.BasicBinder:81] - binding parameter [1] as [VARCHAR] - [SJDK3849CKMS3849DJCK2039ZMSK0001]
2014-09-23 00:04:08,153 [main] INFO  [org.springframework.test.context.transaction.TransactionalTestExecutionListener:298] - Rolled back transaction after test execution for test context [DefaultTestContext@19bb304 testClass = UserDaoTest, testInstance = com.jyzn.wifi.test.manager.account.UserDaoTest@1477bbb, testMethod = pwdTest@UserDaoTest, testException = [null], mergedContextConfiguration = [MergedContextConfiguration@fee459 testClass = UserDaoTest, locations = '{classpath:/applicationContext-core.xml}', classes = '{}', contextInitializerClasses = '[]', activeProfiles = '{test}', contextLoader = 'org.springframework.test.context.support.DelegatingSmartContextLoader', parent = [null]]]
2014-09-23 00:04:08,200 [Thread-5] INFO  [org.springframework.context.support.GenericApplicationContext:873] - Closing org.springframework.context.support.GenericApplicationContext@4f4a5c: startup date [Tue Sep 23 00:03:58 CST 2014]; root of context hierarchy
2014-09-23 00:04:08,278 [Thread-5] INFO  [org.springframework.cache.ehcache.EhCacheManagerFactoryBean:196] - Shutting down EhCache CacheManager
2014-09-23 00:04:08,309 [Thread-5] INFO  [org.springframework.orm.jpa.LocalContainerEntityManagerFactoryBean:462] - Closing JPA EntityManagerFactory for persistence unit 'default'
2014-09-23 00:05:11,754 [main] INFO  [org.springframework.beans.factory.xml.XmlBeanDefinitionReader:316] - Loading XML bean definitions from class path resource [applicationContext-core.xml]
2014-09-23 00:05:12,534 [main] INFO  [org.springframework.context.support.GenericApplicationContext:513] - Refreshing org.springframework.context.support.GenericApplicationContext@4f4a5c: startup date [Tue Sep 23 00:05:12 CST 2014]; root of context hierarchy
2014-09-23 00:05:12,784 [main] INFO  [org.springframework.context.support.PropertySourcesPlaceholderConfigurer:172] - Loading properties file from URL [file:/F:/zythome/documents/NetBeansProjects/team/wifi-manger/wifi-main/target/test-classes/application.test.properties]
2014-09-23 00:05:13,626 [main] INFO  [org.springframework.orm.jpa.LocalContainerEntityManagerFactoryBean:332] - Building JPA container EntityManagerFactory for persistence unit 'default'
2014-09-23 00:05:13,673 [main] INFO  [org.hibernate.jpa.internal.util.LogHelper:46] - HHH000204: Processing PersistenceUnitInfo [
	name: default
	...]
2014-09-23 00:05:13,860 [main] INFO  [org.hibernate.Version:54] - HHH000412: Hibernate Core {4.3.4.Final}
2014-09-23 00:05:13,860 [main] INFO  [org.hibernate.cfg.Environment:239] - HHH000206: hibernate.properties not found
2014-09-23 00:05:13,876 [main] INFO  [org.hibernate.cfg.Environment:346] - HHH000021: Bytecode provider name : javassist
2014-09-23 00:05:14,250 [main] INFO  [org.hibernate.annotations.common.Version:66] - HCANN000001: Hibernate Commons Annotations {4.0.4.Final}
2014-09-23 00:05:14,734 [main] INFO  [org.hibernate.dialect.Dialect:145] - HHH000400: Using dialect: org.hibernate.dialect.H2Dialect
2014-09-23 00:05:15,124 [main] INFO  [org.hibernate.hql.internal.ast.ASTQueryTranslatorFactory:47] - HHH000397: Using ASTQueryTranslatorFactory
2014-09-23 00:05:15,218 [main] INFO  [org.hibernate.validator.internal.util.Version:27] - HV000001: Hibernate Validator 5.1.0.Final
2014-09-23 00:05:15,935 [main] WARN  [org.hibernate.id.UUIDHexGenerator:59] - HHH000409: Using org.hibernate.id.UUIDHexGenerator which does not generate IETF RFC 4122 compliant UUID values; consider using org.hibernate.id.UUIDGenerator instead
2014-09-23 00:05:16,793 [main] WARN  [org.hibernate.hql.internal.ast.HqlSqlWalker:995] - [DEPRECATION] Encountered positional parameter near line 1, column 90.  Positional parameter are considered deprecated; use named parameters or JPA-style positional parameters instead.
2014-09-23 00:05:17,121 [main] INFO  [org.hibernate.dialect.Dialect:145] - HHH000400: Using dialect: org.hibernate.dialect.H2Dialect
2014-09-23 00:05:17,168 [main] INFO  [org.hibernate.engine.transaction.internal.TransactionFactoryInitiator:62] - HHH000399: Using default transaction strategy (direct JDBC transactions)
2014-09-23 00:05:17,168 [main] INFO  [org.hibernate.hql.internal.ast.ASTQueryTranslatorFactory:47] - HHH000397: Using ASTQueryTranslatorFactory
2014-09-23 00:05:17,308 [main] WARN  [org.hibernate.hql.internal.ast.HqlSqlWalker:995] - [DEPRECATION] Encountered positional parameter near line 1, column 90.  Positional parameter are considered deprecated; use named parameters or JPA-style positional parameters instead.
2014-09-23 00:05:17,698 [main] INFO  [org.springframework.cache.ehcache.EhCacheManagerFactoryBean:136] - Initializing EhCache CacheManager
2014-09-23 00:05:19,289 [main] INFO  [org.springframework.orm.hibernate4.HibernateTransactionManager:339] - Using DataSource [org.apache.tomcat.jdbc.pool.DataSource@1ccf49e{ConnectionPool[defaultAutoCommit=false; defaultReadOnly=null; defaultTransactionIsolation=-1; defaultCatalog=null; driverClassName=org.h2.Driver; maxActive=100; maxIdle=100; minIdle=10; initialSize=10; maxWait=30000; testOnBorrow=false; testOnReturn=false; timeBetweenEvictionRunsMillis=5000; numTestsPerEvictionRun=0; minEvictableIdleTimeMillis=60000; testWhileIdle=false; testOnConnect=false; password=********; url=jdbc:h2:mem:biwifi;DB_CLOSE_DELAY=-1; username=sa; validationQuery=null; validationQueryTimeout=-1; validatorClassName=null; validationInterval=30000; accessToUnderlyingConnectionAllowed=true; removeAbandoned=false; removeAbandonedTimeout=60; logAbandoned=false; connectionProperties=null; initSQL=null; jdbcInterceptors=null; jmxEnabled=true; fairQueue=true; useEquals=true; abandonWhenPercentageFull=0; maxAge=0; useLock=false; dataSource=null; dataSourceJNDI=null; suspectTimeout=0; alternateUsernameAllowed=false; commitOnReturn=false; rollbackOnReturn=false; useDisposableConnectionFacade=true; logValidationErrors=false; propagateInterruptState=false; ignoreExceptionOnPreLoad=false; }] of Hibernate SessionFactory for HibernateTransactionManager
2014-09-23 00:05:19,352 [main] INFO  [org.springframework.jdbc.datasource.init.ResourceDatabasePopulator:162] - Executing SQL script from class path resource [data/h2/create-table.sql]
2014-09-23 00:05:19,398 [main] INFO  [org.springframework.jdbc.datasource.init.ResourceDatabasePopulator:217] - Done executing SQL script from class path resource [data/h2/create-table.sql] in 46 ms.
2014-09-23 00:05:19,476 [main] INFO  [org.springframework.test.context.transaction.TransactionalTestExecutionListener:276] - Began transaction (1) for test context [DefaultTestContext@19bb304 testClass = UserDaoTest, testInstance = com.jyzn.wifi.test.manager.account.UserDaoTest@1477bbb, testMethod = pwdTest@UserDaoTest, testException = [null], mergedContextConfiguration = [MergedContextConfiguration@fee459 testClass = UserDaoTest, locations = '{classpath:/applicationContext-core.xml}', classes = '{}', contextInitializerClasses = '[]', activeProfiles = '{test}', contextLoader = 'org.springframework.test.context.support.DelegatingSmartContextLoader', parent = [null]]]; transaction manager [org.springframework.orm.hibernate4.HibernateTransactionManager@1cd9ed6]; rollback [true]
2014-09-23 00:05:19,476 [main] INFO  [org.springframework.test.jdbc.JdbcTestUtils:213] - Executing SQL script from class path resource [data/h2/cleanup-data.sql]
2014-09-23 00:05:19,492 [main] INFO  [org.springframework.test.jdbc.JdbcTestUtils:249] - Executed SQL script from class path resource [data/h2/cleanup-data.sql] in 16 ms.
2014-09-23 00:05:19,492 [main] INFO  [org.springframework.test.jdbc.JdbcTestUtils:213] - Executing SQL script from class path resource [data/h2/insert-data.sql]
2014-09-23 00:05:19,523 [main] INFO  [org.springframework.test.jdbc.JdbcTestUtils:249] - Executed SQL script from class path resource [data/h2/insert-data.sql] in 31 ms.
2014-09-23 00:05:22,581 [main] TRACE [org.hibernate.type.descriptor.sql.BasicBinder:81] - binding parameter [1] as [VARCHAR] - [1]
2014-09-23 00:05:22,799 [main] INFO  [org.springframework.test.context.transaction.TransactionalTestExecutionListener:298] - Rolled back transaction after test execution for test context [DefaultTestContext@19bb304 testClass = UserDaoTest, testInstance = com.jyzn.wifi.test.manager.account.UserDaoTest@1477bbb, testMethod = pwdTest@UserDaoTest, testException = java.lang.ClassCastException: java.lang.Integer cannot be cast to java.lang.String, mergedContextConfiguration = [MergedContextConfiguration@fee459 testClass = UserDaoTest, locations = '{classpath:/applicationContext-core.xml}', classes = '{}', contextInitializerClasses = '[]', activeProfiles = '{test}', contextLoader = 'org.springframework.test.context.support.DelegatingSmartContextLoader', parent = [null]]]
2014-09-23 00:05:22,908 [Thread-5] INFO  [org.springframework.context.support.GenericApplicationContext:873] - Closing org.springframework.context.support.GenericApplicationContext@4f4a5c: startup date [Tue Sep 23 00:05:12 CST 2014]; root of context hierarchy
2014-09-23 00:05:22,924 [Thread-5] INFO  [org.springframework.cache.ehcache.EhCacheManagerFactoryBean:196] - Shutting down EhCache CacheManager
2014-09-23 00:05:22,924 [Thread-5] INFO  [org.springframework.orm.jpa.LocalContainerEntityManagerFactoryBean:462] - Closing JPA EntityManagerFactory for persistence unit 'default'
2014-09-23 00:07:00,799 [main] INFO  [org.springframework.beans.factory.xml.XmlBeanDefinitionReader:316] - Loading XML bean definitions from class path resource [applicationContext-core.xml]
2014-09-23 00:07:01,579 [main] INFO  [org.springframework.context.support.GenericApplicationContext:513] - Refreshing org.springframework.context.support.GenericApplicationContext@4f4a5c: startup date [Tue Sep 23 00:07:01 CST 2014]; root of context hierarchy
2014-09-23 00:07:01,813 [main] INFO  [org.springframework.context.support.PropertySourcesPlaceholderConfigurer:172] - Loading properties file from URL [file:/F:/zythome/documents/NetBeansProjects/team/wifi-manger/wifi-main/target/test-classes/application.test.properties]
2014-09-23 00:07:02,671 [main] INFO  [org.springframework.orm.jpa.LocalContainerEntityManagerFactoryBean:332] - Building JPA container EntityManagerFactory for persistence unit 'default'
2014-09-23 00:07:02,717 [main] INFO  [org.hibernate.jpa.internal.util.LogHelper:46] - HHH000204: Processing PersistenceUnitInfo [
	name: default
	...]
2014-09-23 00:07:02,905 [main] INFO  [org.hibernate.Version:54] - HHH000412: Hibernate Core {4.3.4.Final}
2014-09-23 00:07:02,920 [main] INFO  [org.hibernate.cfg.Environment:239] - HHH000206: hibernate.properties not found
2014-09-23 00:07:02,920 [main] INFO  [org.hibernate.cfg.Environment:346] - HHH000021: Bytecode provider name : javassist
2014-09-23 00:07:03,295 [main] INFO  [org.hibernate.annotations.common.Version:66] - HCANN000001: Hibernate Commons Annotations {4.0.4.Final}
2014-09-23 00:07:03,778 [main] INFO  [org.hibernate.dialect.Dialect:145] - HHH000400: Using dialect: org.hibernate.dialect.H2Dialect
2014-09-23 00:07:04,168 [main] INFO  [org.hibernate.hql.internal.ast.ASTQueryTranslatorFactory:47] - HHH000397: Using ASTQueryTranslatorFactory
2014-09-23 00:07:04,262 [main] INFO  [org.hibernate.validator.internal.util.Version:27] - HV000001: Hibernate Validator 5.1.0.Final
2014-09-23 00:07:04,979 [main] WARN  [org.hibernate.id.UUIDHexGenerator:59] - HHH000409: Using org.hibernate.id.UUIDHexGenerator which does not generate IETF RFC 4122 compliant UUID values; consider using org.hibernate.id.UUIDGenerator instead
2014-09-23 00:07:05,822 [main] WARN  [org.hibernate.hql.internal.ast.HqlSqlWalker:995] - [DEPRECATION] Encountered positional parameter near line 1, column 90.  Positional parameter are considered deprecated; use named parameters or JPA-style positional parameters instead.
2014-09-23 00:07:06,134 [main] INFO  [org.hibernate.dialect.Dialect:145] - HHH000400: Using dialect: org.hibernate.dialect.H2Dialect
2014-09-23 00:07:06,165 [main] INFO  [org.hibernate.engine.transaction.internal.TransactionFactoryInitiator:62] - HHH000399: Using default transaction strategy (direct JDBC transactions)
2014-09-23 00:07:06,165 [main] INFO  [org.hibernate.hql.internal.ast.ASTQueryTranslatorFactory:47] - HHH000397: Using ASTQueryTranslatorFactory
2014-09-23 00:07:06,305 [main] WARN  [org.hibernate.hql.internal.ast.HqlSqlWalker:995] - [DEPRECATION] Encountered positional parameter near line 1, column 90.  Positional parameter are considered deprecated; use named parameters or JPA-style positional parameters instead.
2014-09-23 00:07:06,695 [main] INFO  [org.springframework.cache.ehcache.EhCacheManagerFactoryBean:136] - Initializing EhCache CacheManager
2014-09-23 00:07:08,255 [main] INFO  [org.springframework.orm.hibernate4.HibernateTransactionManager:339] - Using DataSource [org.apache.tomcat.jdbc.pool.DataSource@1ccf49e{ConnectionPool[defaultAutoCommit=false; defaultReadOnly=null; defaultTransactionIsolation=-1; defaultCatalog=null; driverClassName=org.h2.Driver; maxActive=100; maxIdle=100; minIdle=10; initialSize=10; maxWait=30000; testOnBorrow=false; testOnReturn=false; timeBetweenEvictionRunsMillis=5000; numTestsPerEvictionRun=0; minEvictableIdleTimeMillis=60000; testWhileIdle=false; testOnConnect=false; password=********; url=jdbc:h2:mem:biwifi;DB_CLOSE_DELAY=-1; username=sa; validationQuery=null; validationQueryTimeout=-1; validatorClassName=null; validationInterval=30000; accessToUnderlyingConnectionAllowed=true; removeAbandoned=false; removeAbandonedTimeout=60; logAbandoned=false; connectionProperties=null; initSQL=null; jdbcInterceptors=null; jmxEnabled=true; fairQueue=true; useEquals=true; abandonWhenPercentageFull=0; maxAge=0; useLock=false; dataSource=null; dataSourceJNDI=null; suspectTimeout=0; alternateUsernameAllowed=false; commitOnReturn=false; rollbackOnReturn=false; useDisposableConnectionFacade=true; logValidationErrors=false; propagateInterruptState=false; ignoreExceptionOnPreLoad=false; }] of Hibernate SessionFactory for HibernateTransactionManager
2014-09-23 00:07:08,318 [main] INFO  [org.springframework.jdbc.datasource.init.ResourceDatabasePopulator:162] - Executing SQL script from class path resource [data/h2/create-table.sql]
2014-09-23 00:07:08,380 [main] INFO  [org.springframework.jdbc.datasource.init.ResourceDatabasePopulator:217] - Done executing SQL script from class path resource [data/h2/create-table.sql] in 62 ms.
2014-09-23 00:07:08,443 [main] INFO  [org.springframework.test.context.transaction.TransactionalTestExecutionListener:276] - Began transaction (1) for test context [DefaultTestContext@31abe9 testClass = UserDaoTest, testInstance = com.jyzn.wifi.test.manager.account.UserDaoTest@1acda9a, testMethod = pwdTest@UserDaoTest, testException = [null], mergedContextConfiguration = [MergedContextConfiguration@19bb304 testClass = UserDaoTest, locations = '{classpath:/applicationContext-core.xml}', classes = '{}', contextInitializerClasses = '[]', activeProfiles = '{test}', contextLoader = 'org.springframework.test.context.support.DelegatingSmartContextLoader', parent = [null]]]; transaction manager [org.springframework.orm.hibernate4.HibernateTransactionManager@1477bbb]; rollback [true]
2014-09-23 00:07:08,443 [main] INFO  [org.springframework.test.jdbc.JdbcTestUtils:213] - Executing SQL script from class path resource [data/h2/cleanup-data.sql]
2014-09-23 00:07:08,443 [main] INFO  [org.springframework.test.jdbc.JdbcTestUtils:249] - Executed SQL script from class path resource [data/h2/cleanup-data.sql] in 0 ms.
2014-09-23 00:07:08,443 [main] INFO  [org.springframework.test.jdbc.JdbcTestUtils:213] - Executing SQL script from class path resource [data/h2/insert-data.sql]
2014-09-23 00:07:08,489 [main] INFO  [org.springframework.test.jdbc.JdbcTestUtils:249] - Executed SQL script from class path resource [data/h2/insert-data.sql] in 31 ms.
2014-09-23 00:07:11,251 [main] TRACE [org.hibernate.type.descriptor.sql.BasicBinder:81] - binding parameter [1] as [VARCHAR] - [1]
2014-09-23 00:07:11,282 [main] INFO  [org.springframework.test.context.transaction.TransactionalTestExecutionListener:298] - Rolled back transaction after test execution for test context [DefaultTestContext@31abe9 testClass = UserDaoTest, testInstance = com.jyzn.wifi.test.manager.account.UserDaoTest@1acda9a, testMethod = pwdTest@UserDaoTest, testException = java.lang.ClassCastException: java.lang.Integer cannot be cast to java.lang.String, mergedContextConfiguration = [MergedContextConfiguration@19bb304 testClass = UserDaoTest, locations = '{classpath:/applicationContext-core.xml}', classes = '{}', contextInitializerClasses = '[]', activeProfiles = '{test}', contextLoader = 'org.springframework.test.context.support.DelegatingSmartContextLoader', parent = [null]]]
2014-09-23 00:07:11,313 [Thread-5] INFO  [org.springframework.context.support.GenericApplicationContext:873] - Closing org.springframework.context.support.GenericApplicationContext@4f4a5c: startup date [Tue Sep 23 00:07:01 CST 2014]; root of context hierarchy
2014-09-23 00:07:11,329 [Thread-5] INFO  [org.springframework.cache.ehcache.EhCacheManagerFactoryBean:196] - Shutting down EhCache CacheManager
2014-09-23 00:07:11,329 [Thread-5] INFO  [org.springframework.orm.jpa.LocalContainerEntityManagerFactoryBean:462] - Closing JPA EntityManagerFactory for persistence unit 'default'
2014-09-23 00:08:31,294 [main] INFO  [org.springframework.beans.factory.xml.XmlBeanDefinitionReader:316] - Loading XML bean definitions from class path resource [applicationContext-core.xml]
2014-09-23 00:08:32,059 [main] INFO  [org.springframework.context.support.GenericApplicationContext:513] - Refreshing org.springframework.context.support.GenericApplicationContext@4f4a5c: startup date [Tue Sep 23 00:08:32 CST 2014]; root of context hierarchy
2014-09-23 00:08:32,308 [main] INFO  [org.springframework.context.support.PropertySourcesPlaceholderConfigurer:172] - Loading properties file from URL [file:/F:/zythome/documents/NetBeansProjects/team/wifi-manger/wifi-main/target/test-classes/application.test.properties]
2014-09-23 00:08:33,151 [main] INFO  [org.springframework.orm.jpa.LocalContainerEntityManagerFactoryBean:332] - Building JPA container EntityManagerFactory for persistence unit 'default'
2014-09-23 00:08:33,198 [main] INFO  [org.hibernate.jpa.internal.util.LogHelper:46] - HHH000204: Processing PersistenceUnitInfo [
	name: default
	...]
2014-09-23 00:08:33,400 [main] INFO  [org.hibernate.Version:54] - HHH000412: Hibernate Core {4.3.4.Final}
2014-09-23 00:08:33,400 [main] INFO  [org.hibernate.cfg.Environment:239] - HHH000206: hibernate.properties not found
2014-09-23 00:08:33,400 [main] INFO  [org.hibernate.cfg.Environment:346] - HHH000021: Bytecode provider name : javassist
2014-09-23 00:08:33,759 [main] INFO  [org.hibernate.annotations.common.Version:66] - HCANN000001: Hibernate Commons Annotations {4.0.4.Final}
2014-09-23 00:08:34,243 [main] INFO  [org.hibernate.dialect.Dialect:145] - HHH000400: Using dialect: org.hibernate.dialect.H2Dialect
2014-09-23 00:08:34,617 [main] INFO  [org.hibernate.hql.internal.ast.ASTQueryTranslatorFactory:47] - HHH000397: Using ASTQueryTranslatorFactory
2014-09-23 00:08:34,711 [main] INFO  [org.hibernate.validator.internal.util.Version:27] - HV000001: Hibernate Validator 5.1.0.Final
2014-09-23 00:08:35,366 [main] WARN  [org.hibernate.id.UUIDHexGenerator:59] - HHH000409: Using org.hibernate.id.UUIDHexGenerator which does not generate IETF RFC 4122 compliant UUID values; consider using org.hibernate.id.UUIDGenerator instead
2014-09-23 00:08:36,177 [main] WARN  [org.hibernate.hql.internal.ast.HqlSqlWalker:995] - [DEPRECATION] Encountered positional parameter near line 1, column 90.  Positional parameter are considered deprecated; use named parameters or JPA-style positional parameters instead.
2014-09-23 00:08:36,489 [main] INFO  [org.hibernate.dialect.Dialect:145] - HHH000400: Using dialect: org.hibernate.dialect.H2Dialect
2014-09-23 00:08:36,520 [main] INFO  [org.hibernate.engine.transaction.internal.TransactionFactoryInitiator:62] - HHH000399: Using default transaction strategy (direct JDBC transactions)
2014-09-23 00:08:36,536 [main] INFO  [org.hibernate.hql.internal.ast.ASTQueryTranslatorFactory:47] - HHH000397: Using ASTQueryTranslatorFactory
2014-09-23 00:08:36,676 [main] WARN  [org.hibernate.hql.internal.ast.HqlSqlWalker:995] - [DEPRECATION] Encountered positional parameter near line 1, column 90.  Positional parameter are considered deprecated; use named parameters or JPA-style positional parameters instead.
2014-09-23 00:08:37,051 [main] INFO  [org.springframework.cache.ehcache.EhCacheManagerFactoryBean:136] - Initializing EhCache CacheManager
2014-09-23 00:08:38,611 [main] INFO  [org.springframework.orm.hibernate4.HibernateTransactionManager:339] - Using DataSource [org.apache.tomcat.jdbc.pool.DataSource@1ccf49e{ConnectionPool[defaultAutoCommit=false; defaultReadOnly=null; defaultTransactionIsolation=-1; defaultCatalog=null; driverClassName=org.h2.Driver; maxActive=100; maxIdle=100; minIdle=10; initialSize=10; maxWait=30000; testOnBorrow=false; testOnReturn=false; timeBetweenEvictionRunsMillis=5000; numTestsPerEvictionRun=0; minEvictableIdleTimeMillis=60000; testWhileIdle=false; testOnConnect=false; password=********; url=jdbc:h2:mem:biwifi;DB_CLOSE_DELAY=-1; username=sa; validationQuery=null; validationQueryTimeout=-1; validatorClassName=null; validationInterval=30000; accessToUnderlyingConnectionAllowed=true; removeAbandoned=false; removeAbandonedTimeout=60; logAbandoned=false; connectionProperties=null; initSQL=null; jdbcInterceptors=null; jmxEnabled=true; fairQueue=true; useEquals=true; abandonWhenPercentageFull=0; maxAge=0; useLock=false; dataSource=null; dataSourceJNDI=null; suspectTimeout=0; alternateUsernameAllowed=false; commitOnReturn=false; rollbackOnReturn=false; useDisposableConnectionFacade=true; logValidationErrors=false; propagateInterruptState=false; ignoreExceptionOnPreLoad=false; }] of Hibernate SessionFactory for HibernateTransactionManager
2014-09-23 00:08:38,658 [main] INFO  [org.springframework.jdbc.datasource.init.ResourceDatabasePopulator:162] - Executing SQL script from class path resource [data/h2/create-table.sql]
2014-09-23 00:08:38,720 [main] INFO  [org.springframework.jdbc.datasource.init.ResourceDatabasePopulator:217] - Done executing SQL script from class path resource [data/h2/create-table.sql] in 62 ms.
2014-09-23 00:08:38,782 [main] INFO  [org.springframework.test.context.transaction.TransactionalTestExecutionListener:276] - Began transaction (1) for test context [DefaultTestContext@1acda9a testClass = UserDaoTest, testInstance = com.jyzn.wifi.test.manager.account.UserDaoTest@19bb304, testMethod = pwdTest@UserDaoTest, testException = [null], mergedContextConfiguration = [MergedContextConfiguration@1477bbb testClass = UserDaoTest, locations = '{classpath:/applicationContext-core.xml}', classes = '{}', contextInitializerClasses = '[]', activeProfiles = '{test}', contextLoader = 'org.springframework.test.context.support.DelegatingSmartContextLoader', parent = [null]]]; transaction manager [org.springframework.orm.hibernate4.HibernateTransactionManager@fee459]; rollback [true]
2014-09-23 00:08:38,782 [main] INFO  [org.springframework.test.jdbc.JdbcTestUtils:213] - Executing SQL script from class path resource [data/h2/cleanup-data.sql]
2014-09-23 00:08:38,798 [main] INFO  [org.springframework.test.jdbc.JdbcTestUtils:249] - Executed SQL script from class path resource [data/h2/cleanup-data.sql] in 16 ms.
2014-09-23 00:08:38,798 [main] INFO  [org.springframework.test.jdbc.JdbcTestUtils:213] - Executing SQL script from class path resource [data/h2/insert-data.sql]
2014-09-23 00:08:38,829 [main] INFO  [org.springframework.test.jdbc.JdbcTestUtils:249] - Executed SQL script from class path resource [data/h2/insert-data.sql] in 31 ms.
2014-09-23 00:08:38,860 [main] TRACE [org.hibernate.type.descriptor.sql.BasicBinder:81] - binding parameter [1] as [VARCHAR] - [654321]
2014-09-23 00:08:38,860 [main] TRACE [org.hibernate.type.descriptor.sql.BasicBinder:81] - binding parameter [2] as [VARCHAR] - [SJDK3849CKMS3849DJCK2039ZMSK0001]
2014-09-23 00:08:38,860 [main] TRACE [org.hibernate.type.descriptor.sql.BasicBinder:81] - binding parameter [3] as [INTEGER] - [1]
2014-09-23 00:08:38,876 [main] TRACE [org.hibernate.type.descriptor.sql.BasicBinder:81] - binding parameter [1] as [VARCHAR] - [SJDK3849CKMS3849DJCK2039ZMSK0001]
2014-09-23 00:08:38,954 [main] INFO  [org.springframework.test.context.transaction.TransactionalTestExecutionListener:298] - Rolled back transaction after test execution for test context [DefaultTestContext@1acda9a testClass = UserDaoTest, testInstance = com.jyzn.wifi.test.manager.account.UserDaoTest@19bb304, testMethod = pwdTest@UserDaoTest, testException = [null], mergedContextConfiguration = [MergedContextConfiguration@1477bbb testClass = UserDaoTest, locations = '{classpath:/applicationContext-core.xml}', classes = '{}', contextInitializerClasses = '[]', activeProfiles = '{test}', contextLoader = 'org.springframework.test.context.support.DelegatingSmartContextLoader', parent = [null]]]
2014-09-23 00:08:38,954 [Thread-5] INFO  [org.springframework.context.support.GenericApplicationContext:873] - Closing org.springframework.context.support.GenericApplicationContext@4f4a5c: startup date [Tue Sep 23 00:08:32 CST 2014]; root of context hierarchy
2014-09-23 00:08:38,985 [Thread-5] INFO  [org.springframework.cache.ehcache.EhCacheManagerFactoryBean:196] - Shutting down EhCache CacheManager
2014-09-23 00:08:38,985 [Thread-5] INFO  [org.springframework.orm.jpa.LocalContainerEntityManagerFactoryBean:462] - Closing JPA EntityManagerFactory for persistence unit 'default'
2014-09-23 00:10:24,519 [main] INFO  [org.springframework.beans.factory.xml.XmlBeanDefinitionReader:316] - Loading XML bean definitions from class path resource [applicationContext-core.xml]
2014-09-23 00:10:25,346 [main] INFO  [org.springframework.context.support.GenericApplicationContext:513] - Refreshing org.springframework.context.support.GenericApplicationContext@4f4a5c: startup date [Tue Sep 23 00:10:25 CST 2014]; root of context hierarchy
2014-09-23 00:10:25,596 [main] INFO  [org.springframework.context.support.PropertySourcesPlaceholderConfigurer:172] - Loading properties file from URL [file:/F:/zythome/documents/NetBeansProjects/team/wifi-manger/wifi-main/target/test-classes/application.test.properties]
2014-09-23 00:10:26,485 [main] INFO  [org.springframework.orm.jpa.LocalContainerEntityManagerFactoryBean:332] - Building JPA container EntityManagerFactory for persistence unit 'default'
2014-09-23 00:10:26,516 [main] INFO  [org.hibernate.jpa.internal.util.LogHelper:46] - HHH000204: Processing PersistenceUnitInfo [
	name: default
	...]
2014-09-23 00:10:26,719 [main] INFO  [org.hibernate.Version:54] - HHH000412: Hibernate Core {4.3.4.Final}
2014-09-23 00:10:26,735 [main] INFO  [org.hibernate.cfg.Environment:239] - HHH000206: hibernate.properties not found
2014-09-23 00:10:26,735 [main] INFO  [org.hibernate.cfg.Environment:346] - HHH000021: Bytecode provider name : javassist
2014-09-23 00:10:27,125 [main] INFO  [org.hibernate.annotations.common.Version:66] - HCANN000001: Hibernate Commons Annotations {4.0.4.Final}
2014-09-23 00:10:27,624 [main] INFO  [org.hibernate.dialect.Dialect:145] - HHH000400: Using dialect: org.hibernate.dialect.H2Dialect
2014-09-23 00:10:28,029 [main] INFO  [org.hibernate.hql.internal.ast.ASTQueryTranslatorFactory:47] - HHH000397: Using ASTQueryTranslatorFactory
2014-09-23 00:10:28,123 [main] INFO  [org.hibernate.validator.internal.util.Version:27] - HV000001: Hibernate Validator 5.1.0.Final
2014-09-23 00:10:28,825 [main] WARN  [org.hibernate.id.UUIDHexGenerator:59] - HHH000409: Using org.hibernate.id.UUIDHexGenerator which does not generate IETF RFC 4122 compliant UUID values; consider using org.hibernate.id.UUIDGenerator instead
2014-09-23 00:10:29,683 [main] WARN  [org.hibernate.hql.internal.ast.HqlSqlWalker:995] - [DEPRECATION] Encountered positional parameter near line 1, column 90.  Positional parameter are considered deprecated; use named parameters or JPA-style positional parameters instead.
2014-09-23 00:10:30,011 [main] INFO  [org.hibernate.dialect.Dialect:145] - HHH000400: Using dialect: org.hibernate.dialect.H2Dialect
2014-09-23 00:10:30,042 [main] INFO  [org.hibernate.engine.transaction.internal.TransactionFactoryInitiator:62] - HHH000399: Using default transaction strategy (direct JDBC transactions)
2014-09-23 00:10:30,042 [main] INFO  [org.hibernate.hql.internal.ast.ASTQueryTranslatorFactory:47] - HHH000397: Using ASTQueryTranslatorFactory
2014-09-23 00:10:30,198 [main] WARN  [org.hibernate.hql.internal.ast.HqlSqlWalker:995] - [DEPRECATION] Encountered positional parameter near line 1, column 90.  Positional parameter are considered deprecated; use named parameters or JPA-style positional parameters instead.
2014-09-23 00:10:30,588 [main] INFO  [org.springframework.cache.ehcache.EhCacheManagerFactoryBean:136] - Initializing EhCache CacheManager
2014-09-23 00:10:32,241 [main] INFO  [org.springframework.orm.hibernate4.HibernateTransactionManager:339] - Using DataSource [org.apache.tomcat.jdbc.pool.DataSource@140ccb9{ConnectionPool[defaultAutoCommit=false; defaultReadOnly=null; defaultTransactionIsolation=-1; defaultCatalog=null; driverClassName=org.h2.Driver; maxActive=100; maxIdle=100; minIdle=10; initialSize=10; maxWait=30000; testOnBorrow=false; testOnReturn=false; timeBetweenEvictionRunsMillis=5000; numTestsPerEvictionRun=0; minEvictableIdleTimeMillis=60000; testWhileIdle=false; testOnConnect=false; password=********; url=jdbc:h2:mem:biwifi;DB_CLOSE_DELAY=-1; username=sa; validationQuery=null; validationQueryTimeout=-1; validatorClassName=null; validationInterval=30000; accessToUnderlyingConnectionAllowed=true; removeAbandoned=false; removeAbandonedTimeout=60; logAbandoned=false; connectionProperties=null; initSQL=null; jdbcInterceptors=null; jmxEnabled=true; fairQueue=true; useEquals=true; abandonWhenPercentageFull=0; maxAge=0; useLock=false; dataSource=null; dataSourceJNDI=null; suspectTimeout=0; alternateUsernameAllowed=false; commitOnReturn=false; rollbackOnReturn=false; useDisposableConnectionFacade=true; logValidationErrors=false; propagateInterruptState=false; ignoreExceptionOnPreLoad=false; }] of Hibernate SessionFactory for HibernateTransactionManager
2014-09-23 00:10:32,288 [main] INFO  [org.springframework.jdbc.datasource.init.ResourceDatabasePopulator:162] - Executing SQL script from class path resource [data/h2/create-table.sql]
2014-09-23 00:10:32,351 [main] INFO  [org.springframework.jdbc.datasource.init.ResourceDatabasePopulator:217] - Done executing SQL script from class path resource [data/h2/create-table.sql] in 63 ms.
2014-09-23 00:10:32,429 [main] INFO  [org.springframework.test.context.transaction.TransactionalTestExecutionListener:276] - Began transaction (1) for test context [DefaultTestContext@1ddaffb testClass = UserDaoTest, testInstance = com.jyzn.wifi.test.manager.account.UserDaoTest@31abe9, testMethod = pwdTest@UserDaoTest, testException = [null], mergedContextConfiguration = [MergedContextConfiguration@1acda9a testClass = UserDaoTest, locations = '{classpath:/applicationContext-core.xml}', classes = '{}', contextInitializerClasses = '[]', activeProfiles = '{test}', contextLoader = 'org.springframework.test.context.support.DelegatingSmartContextLoader', parent = [null]]]; transaction manager [org.springframework.orm.hibernate4.HibernateTransactionManager@19bb304]; rollback [true]
2014-09-23 00:10:32,429 [main] INFO  [org.springframework.test.jdbc.JdbcTestUtils:213] - Executing SQL script from class path resource [data/h2/cleanup-data.sql]
2014-09-23 00:10:32,429 [main] INFO  [org.springframework.test.jdbc.JdbcTestUtils:249] - Executed SQL script from class path resource [data/h2/cleanup-data.sql] in 0 ms.
2014-09-23 00:10:32,429 [main] INFO  [org.springframework.test.jdbc.JdbcTestUtils:213] - Executing SQL script from class path resource [data/h2/insert-data.sql]
2014-09-23 00:10:32,475 [main] INFO  [org.springframework.test.jdbc.JdbcTestUtils:249] - Executed SQL script from class path resource [data/h2/insert-data.sql] in 46 ms.
2014-09-23 00:10:32,507 [main] TRACE [org.hibernate.type.descriptor.sql.BasicBinder:81] - binding parameter [1] as [VARCHAR] - [654321]
2014-09-23 00:10:32,507 [main] TRACE [org.hibernate.type.descriptor.sql.BasicBinder:81] - binding parameter [2] as [VARCHAR] - [SJDK3849CKMS3849DJCK2039ZMSK0001]
2014-09-23 00:10:32,522 [main] TRACE [org.hibernate.type.descriptor.sql.BasicBinder:81] - binding parameter [1] as [VARCHAR] - [SJDK3849CKMS3849DJCK2039ZMSK0001]
2014-09-23 00:10:32,600 [main] INFO  [org.springframework.test.context.transaction.TransactionalTestExecutionListener:298] - Rolled back transaction after test execution for test context [DefaultTestContext@1ddaffb testClass = UserDaoTest, testInstance = com.jyzn.wifi.test.manager.account.UserDaoTest@31abe9, testMethod = pwdTest@UserDaoTest, testException = [null], mergedContextConfiguration = [MergedContextConfiguration@1acda9a testClass = UserDaoTest, locations = '{classpath:/applicationContext-core.xml}', classes = '{}', contextInitializerClasses = '[]', activeProfiles = '{test}', contextLoader = 'org.springframework.test.context.support.DelegatingSmartContextLoader', parent = [null]]]
2014-09-23 00:10:32,600 [Thread-5] INFO  [org.springframework.context.support.GenericApplicationContext:873] - Closing org.springframework.context.support.GenericApplicationContext@4f4a5c: startup date [Tue Sep 23 00:10:25 CST 2014]; root of context hierarchy
2014-09-23 00:10:32,616 [Thread-5] INFO  [org.springframework.cache.ehcache.EhCacheManagerFactoryBean:196] - Shutting down EhCache CacheManager
2014-09-23 00:10:32,631 [Thread-5] INFO  [org.springframework.orm.jpa.LocalContainerEntityManagerFactoryBean:462] - Closing JPA EntityManagerFactory for persistence unit 'default'
